14/06/20 16:06:43 INFO  ExtentReportManager:166 - ------Creating Test Feature with Name : Api example 14
14/06/20 16:06:43 INFO  ExtentReportManager:132 - ------ creating extent report infor --------------------------------
14/06/20 16:06:43 INFO  ExtentReportManager:79 - #####Extent xml configuration : /home/mauricio/eclipse-workspace/api-php-travels/extent-config.xml
14/06/20 16:06:43 INFO  ExtentReportManager:125 - --------EXTENTREPORT   Setting Append Existing to true -------------------------------
14/06/20 16:06:43 INFO  ExtentReportManager:171 - ------Creating Scenario Outline Node : 14
14/06/20 16:06:43 INFO  ExtentReportManager:180 - ------Creating Scenario example cucumber : 14
14/06/20 16:06:44 INFO  ExtentReportManager:217 - ------ Create Scenario Outline Or Standard : 14
14/06/20 16:06:46 INFO  ExtentReportManager:203 - ------Creating Result cucumber : 14
14/06/20 16:06:46 INFO  ExtentReportManager:203 - ------Creating Result cucumber : 14
14/06/20 16:06:46 INFO  ExtentReportManager:203 - ------Creating Result cucumber : 14
14/06/20 16:06:46 INFO  ExtentReportManager:166 - ------Creating Test Feature with Name : Api example 14
14/06/20 16:06:46 INFO  ExtentReportManager:180 - ------Creating Scenario example cucumber : 14
14/06/20 16:06:46 INFO  ExtentReportManager:217 - ------ Create Scenario Outline Or Standard : 14
14/06/20 16:06:46 INFO  ExtentReportManager:203 - ------Creating Result cucumber : 14
14/06/20 16:06:46 INFO  ExtentReportManager:203 - ------Creating Result cucumber : 14
14/06/20 16:06:47 INFO  ExtentReportManager:203 - ------Creating Result cucumber : 14
14/06/20 16:06:47 INFO  ExtentReportManager:166 - ------Creating Test Feature with Name : Api example 14
14/06/20 16:06:47 INFO  ExtentReportManager:171 - ------Creating Scenario Outline Node : 14
14/06/20 16:06:47 INFO  ExtentReportManager:180 - ------Creating Scenario example cucumber : 14
14/06/20 16:06:47 INFO  ExtentReportManager:217 - ------ Create Scenario Outline Or Standard : 14
14/06/20 16:06:47 INFO  ExtentReportManager:203 - ------Creating Result cucumber : 14
14/06/20 16:06:47 INFO  ExtentReportManager:203 - ------Creating Result cucumber : 14
14/06/20 16:06:47 INFO  ExtentReportManager:166 - ------Creating Test Feature with Name : Api example 14
14/06/20 16:06:47 INFO  ExtentReportManager:171 - ------Creating Scenario Outline Node : 14
14/06/20 16:06:47 INFO  ExtentReportManager:180 - ------Creating Scenario example cucumber : 14
14/06/20 16:06:47 INFO  ExtentReportManager:217 - ------ Create Scenario Outline Or Standard : 14
14/06/20 16:06:48 INFO  ExtentReportManager:203 - ------Creating Result cucumber : 14
14/06/20 16:06:48 INFO  ExtentReportManager:203 - ------Creating Result cucumber : 14
14/06/20 16:06:48 INFO  ExtentReportManager:203 - ------Creating Result cucumber : 14
14/06/20 16:06:48 INFO  ExtentReportManager:160 - ------flushing Thread : 14
14/06/20 16:58:19 INFO  ExtentReportManager:166 - ------Creating Test Feature with Name : Api example 13
14/06/20 16:58:19 INFO  ExtentReportManager:132 - ------ creating extent report infor --------------------------------
14/06/20 16:58:19 INFO  ExtentReportManager:79 - #####Extent xml configuration : /home/mauricio/eclipse-workspace/api-php-travels/extent-config.xml
14/06/20 16:58:19 INFO  ExtentReportManager:125 - --------EXTENTREPORT   Setting Append Existing to true -------------------------------
14/06/20 16:58:19 INFO  ExtentReportManager:171 - ------Creating Scenario Outline Node : 13
14/06/20 16:58:19 INFO  ExtentReportManager:180 - ------Creating Scenario example cucumber : 13
14/06/20 16:58:19 INFO  ExtentReportManager:217 - ------ Create Scenario Outline Or Standard : 13
14/06/20 16:58:22 INFO  ExtentReportManager:203 - ------Creating Result cucumber : 13
14/06/20 16:58:22 INFO  ExtentReportManager:203 - ------Creating Result cucumber : 13
14/06/20 16:58:22 INFO  ExtentReportManager:166 - ------Creating Test Feature with Name : Api example 13
14/06/20 16:58:22 INFO  ExtentReportManager:180 - ------Creating Scenario example cucumber : 13
14/06/20 16:58:22 INFO  ExtentReportManager:217 - ------ Create Scenario Outline Or Standard : 13
14/06/20 16:58:22 INFO  ExtentReportManager:203 - ------Creating Result cucumber : 13
14/06/20 16:58:22 INFO  ExtentReportManager:203 - ------Creating Result cucumber : 13
14/06/20 16:58:22 INFO  ExtentReportManager:166 - ------Creating Test Feature with Name : Api example 13
14/06/20 16:58:22 INFO  ExtentReportManager:171 - ------Creating Scenario Outline Node : 13
14/06/20 16:58:22 INFO  ExtentReportManager:180 - ------Creating Scenario example cucumber : 13
14/06/20 16:58:22 INFO  ExtentReportManager:217 - ------ Create Scenario Outline Or Standard : 13
14/06/20 16:58:23 INFO  ExtentReportManager:203 - ------Creating Result cucumber : 13
14/06/20 16:58:23 INFO  ExtentReportManager:203 - ------Creating Result cucumber : 13
14/06/20 16:58:23 INFO  ExtentReportManager:166 - ------Creating Test Feature with Name : Api example 13
14/06/20 16:58:23 INFO  ExtentReportManager:171 - ------Creating Scenario Outline Node : 13
14/06/20 16:58:23 INFO  ExtentReportManager:180 - ------Creating Scenario example cucumber : 13
14/06/20 16:58:23 INFO  ExtentReportManager:217 - ------ Create Scenario Outline Or Standard : 13
14/06/20 16:58:24 INFO  ExtentReportManager:203 - ------Creating Result cucumber : 13
14/06/20 16:58:24 INFO  ExtentReportManager:203 - ------Creating Result cucumber : 13
14/06/20 16:58:24 INFO  ExtentReportManager:203 - ------Creating Result cucumber : 13
14/06/20 16:58:24 INFO  ExtentReportManager:160 - ------flushing Thread : 13
14/06/20 17:01:18 INFO  ExtentReportManager:166 - ------Creating Test Feature with Name : Api example 13
14/06/20 17:01:18 INFO  ExtentReportManager:132 - ------ creating extent report infor --------------------------------
14/06/20 17:01:18 INFO  ExtentReportManager:79 - #####Extent xml configuration : /home/mauricio/eclipse-workspace/api-php-travels/extent-config.xml
14/06/20 17:01:18 INFO  ExtentReportManager:125 - --------EXTENTREPORT   Setting Append Existing to true -------------------------------
14/06/20 17:01:18 INFO  ExtentReportManager:171 - ------Creating Scenario Outline Node : 13
14/06/20 17:01:18 INFO  ExtentReportManager:180 - ------Creating Scenario example cucumber : 13
14/06/20 17:01:18 INFO  ExtentReportManager:217 - ------ Create Scenario Outline Or Standard : 13
14/06/20 17:01:20 INFO  ExtentReportManager:203 - ------Creating Result cucumber : 13
14/06/20 17:01:20 INFO  ExtentReportManager:166 - ------Creating Test Feature with Name : Api example 13
14/06/20 17:01:20 INFO  ExtentReportManager:180 - ------Creating Scenario example cucumber : 13
14/06/20 17:01:20 INFO  ExtentReportManager:217 - ------ Create Scenario Outline Or Standard : 13
14/06/20 17:01:20 INFO  ExtentReportManager:203 - ------Creating Result cucumber : 13
14/06/20 17:01:20 INFO  ExtentReportManager:203 - ------Creating Result cucumber : 13
14/06/20 17:01:20 INFO  ExtentReportManager:166 - ------Creating Test Feature with Name : Api example 13
14/06/20 17:01:20 INFO  ExtentReportManager:171 - ------Creating Scenario Outline Node : 13
14/06/20 17:01:20 INFO  ExtentReportManager:180 - ------Creating Scenario example cucumber : 13
14/06/20 17:01:20 INFO  ExtentReportManager:217 - ------ Create Scenario Outline Or Standard : 13
14/06/20 17:01:21 INFO  ExtentReportManager:203 - ------Creating Result cucumber : 13
14/06/20 17:01:21 INFO  ExtentReportManager:203 - ------Creating Result cucumber : 13
14/06/20 17:01:21 INFO  ExtentReportManager:166 - ------Creating Test Feature with Name : Api example 13
14/06/20 17:01:21 INFO  ExtentReportManager:171 - ------Creating Scenario Outline Node : 13
14/06/20 17:01:21 INFO  ExtentReportManager:180 - ------Creating Scenario example cucumber : 13
14/06/20 17:01:21 INFO  ExtentReportManager:217 - ------ Create Scenario Outline Or Standard : 13
14/06/20 17:01:21 INFO  ExtentReportManager:203 - ------Creating Result cucumber : 13
14/06/20 17:01:21 INFO  ExtentReportManager:203 - ------Creating Result cucumber : 13
14/06/20 17:01:21 INFO  ExtentReportManager:203 - ------Creating Result cucumber : 13
14/06/20 17:01:21 INFO  ExtentReportManager:160 - ------flushing Thread : 13
14/06/20 18:54:39 INFO  ExtentReportManager:166 - ------Creating Test Feature with Name : Api example 13
14/06/20 18:54:39 INFO  ExtentReportManager:132 - ------ creating extent report infor --------------------------------
14/06/20 18:54:39 INFO  ExtentReportManager:79 - #####Extent xml configuration : /home/mauricio/eclipse-workspace/api-php-travels/extent-config.xml
14/06/20 18:54:39 INFO  ExtentReportManager:125 - --------EXTENTREPORT   Setting Append Existing to true -------------------------------
14/06/20 18:54:39 INFO  ExtentReportManager:171 - ------Creating Scenario Outline Node : 13
14/06/20 18:54:39 INFO  ExtentReportManager:180 - ------Creating Scenario example cucumber : 13
14/06/20 18:54:39 INFO  ExtentReportManager:217 - ------ Create Scenario Outline Or Standard : 13
14/06/20 18:54:41 INFO  ExtentReportManager:203 - ------Creating Result cucumber : 13
14/06/20 18:54:41 INFO  ExtentReportManager:203 - ------Creating Result cucumber : 13
14/06/20 18:54:41 INFO  ExtentReportManager:203 - ------Creating Result cucumber : 13
14/06/20 18:54:41 INFO  ExtentReportManager:166 - ------Creating Test Feature with Name : Api example 13
14/06/20 18:54:41 INFO  ExtentReportManager:180 - ------Creating Scenario example cucumber : 13
14/06/20 18:54:41 INFO  ExtentReportManager:217 - ------ Create Scenario Outline Or Standard : 13
14/06/20 18:54:42 INFO  ExtentReportManager:203 - ------Creating Result cucumber : 13
14/06/20 18:54:42 INFO  ExtentReportManager:203 - ------Creating Result cucumber : 13
14/06/20 18:54:42 INFO  ExtentReportManager:203 - ------Creating Result cucumber : 13
14/06/20 18:54:42 INFO  ExtentReportManager:166 - ------Creating Test Feature with Name : Api example 13
14/06/20 18:54:42 INFO  ExtentReportManager:180 - ------Creating Scenario example cucumber : 13
14/06/20 18:54:42 INFO  ExtentReportManager:217 - ------ Create Scenario Outline Or Standard : 13
14/06/20 18:54:42 INFO  ExtentReportManager:203 - ------Creating Result cucumber : 13
14/06/20 18:54:42 INFO  ExtentReportManager:166 - ------Creating Test Feature with Name : Api example 13
14/06/20 18:54:42 INFO  ExtentReportManager:171 - ------Creating Scenario Outline Node : 13
14/06/20 18:54:42 INFO  ExtentReportManager:180 - ------Creating Scenario example cucumber : 13
14/06/20 18:54:42 INFO  ExtentReportManager:217 - ------ Create Scenario Outline Or Standard : 13
14/06/20 18:54:43 INFO  ExtentReportManager:203 - ------Creating Result cucumber : 13
14/06/20 18:54:43 INFO  ExtentReportManager:203 - ------Creating Result cucumber : 13
14/06/20 18:54:43 INFO  ExtentReportManager:166 - ------Creating Test Feature with Name : Api example 13
14/06/20 18:54:43 INFO  ExtentReportManager:171 - ------Creating Scenario Outline Node : 13
14/06/20 18:54:43 INFO  ExtentReportManager:180 - ------Creating Scenario example cucumber : 13
14/06/20 18:54:43 INFO  ExtentReportManager:217 - ------ Create Scenario Outline Or Standard : 13
14/06/20 18:54:43 INFO  ExtentReportManager:203 - ------Creating Result cucumber : 13
14/06/20 18:54:43 INFO  ExtentReportManager:203 - ------Creating Result cucumber : 13
14/06/20 18:54:43 INFO  ExtentReportManager:203 - ------Creating Result cucumber : 13
14/06/20 18:54:43 INFO  ExtentReportManager:160 - ------flushing Thread : 13
14/06/20 18:58:04 INFO  ExtentReportManager:166 - ------Creating Test Feature with Name : Api example 14
14/06/20 18:58:04 INFO  ExtentReportManager:132 - ------ creating extent report infor --------------------------------
14/06/20 18:58:04 INFO  ExtentReportManager:79 - #####Extent xml configuration : /home/mauricio/eclipse-workspace/api-php-travels/extent-config.xml
14/06/20 18:58:04 INFO  ExtentReportManager:125 - --------EXTENTREPORT   Setting Append Existing to true -------------------------------
14/06/20 18:58:04 INFO  ExtentReportManager:171 - ------Creating Scenario Outline Node : 14
14/06/20 18:58:04 INFO  ExtentReportManager:180 - ------Creating Scenario example cucumber : 14
14/06/20 18:58:04 INFO  ExtentReportManager:217 - ------ Create Scenario Outline Or Standard : 14
14/06/20 18:58:08 INFO  ExtentReportManager:203 - ------Creating Result cucumber : 14
14/06/20 18:58:08 INFO  ExtentReportManager:203 - ------Creating Result cucumber : 14
14/06/20 18:58:08 INFO  ExtentReportManager:203 - ------Creating Result cucumber : 14
14/06/20 18:58:08 INFO  ExtentReportManager:166 - ------Creating Test Feature with Name : Api example 14
14/06/20 18:58:08 INFO  ExtentReportManager:180 - ------Creating Scenario example cucumber : 14
14/06/20 18:58:08 INFO  ExtentReportManager:217 - ------ Create Scenario Outline Or Standard : 14
14/06/20 18:58:11 INFO  ExtentReportManager:203 - ------Creating Result cucumber : 14
14/06/20 18:58:11 INFO  ExtentReportManager:203 - ------Creating Result cucumber : 14
14/06/20 18:58:11 INFO  ExtentReportManager:203 - ------Creating Result cucumber : 14
14/06/20 18:58:11 INFO  ExtentReportManager:166 - ------Creating Test Feature with Name : Api example 14
14/06/20 18:58:11 INFO  ExtentReportManager:180 - ------Creating Scenario example cucumber : 14
14/06/20 18:58:11 INFO  ExtentReportManager:217 - ------ Create Scenario Outline Or Standard : 14
14/06/20 19:00:54 INFO  ExtentReportManager:203 - ------Creating Result cucumber : 14
14/06/20 19:00:54 INFO  ExtentReportManager:166 - ------Creating Test Feature with Name : Api example 14
14/06/20 19:00:54 INFO  ExtentReportManager:171 - ------Creating Scenario Outline Node : 14
14/06/20 19:00:54 INFO  ExtentReportManager:180 - ------Creating Scenario example cucumber : 14
14/06/20 19:00:54 INFO  ExtentReportManager:217 - ------ Create Scenario Outline Or Standard : 14
14/06/20 19:04:11 INFO  ExtentReportManager:166 - ------Creating Test Feature with Name : Api example 13
14/06/20 19:04:11 INFO  ExtentReportManager:132 - ------ creating extent report infor --------------------------------
14/06/20 19:04:11 INFO  ExtentReportManager:79 - #####Extent xml configuration : /home/mauricio/eclipse-workspace/api-php-travels/extent-config.xml
14/06/20 19:04:12 INFO  ExtentReportManager:125 - --------EXTENTREPORT   Setting Append Existing to true -------------------------------
14/06/20 19:04:12 INFO  ExtentReportManager:171 - ------Creating Scenario Outline Node : 13
14/06/20 19:04:12 INFO  ExtentReportManager:180 - ------Creating Scenario example cucumber : 13
14/06/20 19:04:12 INFO  ExtentReportManager:217 - ------ Create Scenario Outline Or Standard : 13
14/06/20 19:04:13 INFO  ExtentReportManager:203 - ------Creating Result cucumber : 13
14/06/20 19:04:13 INFO  ExtentReportManager:203 - ------Creating Result cucumber : 13
14/06/20 19:04:13 INFO  ExtentReportManager:203 - ------Creating Result cucumber : 13
14/06/20 19:04:13 INFO  ExtentReportManager:166 - ------Creating Test Feature with Name : Api example 13
14/06/20 19:04:13 INFO  ExtentReportManager:180 - ------Creating Scenario example cucumber : 13
14/06/20 19:04:13 INFO  ExtentReportManager:217 - ------ Create Scenario Outline Or Standard : 13
14/06/20 19:04:14 INFO  ExtentReportManager:203 - ------Creating Result cucumber : 13
14/06/20 19:04:14 INFO  ExtentReportManager:203 - ------Creating Result cucumber : 13
14/06/20 19:04:14 INFO  ExtentReportManager:203 - ------Creating Result cucumber : 13
14/06/20 19:04:14 INFO  ExtentReportManager:166 - ------Creating Test Feature with Name : Api example 13
14/06/20 19:04:14 INFO  ExtentReportManager:180 - ------Creating Scenario example cucumber : 13
14/06/20 19:04:14 INFO  ExtentReportManager:217 - ------ Create Scenario Outline Or Standard : 13
14/06/20 19:04:14 INFO  ExtentReportManager:203 - ------Creating Result cucumber : 13
14/06/20 19:04:14 INFO  ExtentReportManager:166 - ------Creating Test Feature with Name : Api example 13
14/06/20 19:04:14 INFO  ExtentReportManager:171 - ------Creating Scenario Outline Node : 13
14/06/20 19:04:14 INFO  ExtentReportManager:180 - ------Creating Scenario example cucumber : 13
14/06/20 19:04:14 INFO  ExtentReportManager:217 - ------ Create Scenario Outline Or Standard : 13
14/06/20 19:04:15 INFO  ExtentReportManager:203 - ------Creating Result cucumber : 13
14/06/20 19:04:15 INFO  ExtentReportManager:203 - ------Creating Result cucumber : 13
14/06/20 19:04:15 INFO  ExtentReportManager:166 - ------Creating Test Feature with Name : Api example 13
14/06/20 19:04:15 INFO  ExtentReportManager:171 - ------Creating Scenario Outline Node : 13
14/06/20 19:04:15 INFO  ExtentReportManager:180 - ------Creating Scenario example cucumber : 13
14/06/20 19:04:15 INFO  ExtentReportManager:217 - ------ Create Scenario Outline Or Standard : 13
14/06/20 19:04:15 INFO  ExtentReportManager:203 - ------Creating Result cucumber : 13
14/06/20 19:04:15 INFO  ExtentReportManager:203 - ------Creating Result cucumber : 13
14/06/20 19:04:15 INFO  ExtentReportManager:203 - ------Creating Result cucumber : 13
14/06/20 19:04:15 INFO  ExtentReportManager:160 - ------flushing Thread : 13
14/06/20 19:12:33 INFO  ExtentReportManager:166 - ------Creating Test Feature with Name : Api example 14
14/06/20 19:12:33 INFO  ExtentReportManager:132 - ------ creating extent report infor --------------------------------
14/06/20 19:12:33 INFO  ExtentReportManager:79 - #####Extent xml configuration : /home/mauricio/eclipse-workspace/api-php-travels/extent-config.xml
14/06/20 19:12:33 INFO  ExtentReportManager:125 - --------EXTENTREPORT   Setting Append Existing to true -------------------------------
14/06/20 19:12:34 INFO  ExtentReportManager:171 - ------Creating Scenario Outline Node : 14
14/06/20 19:12:34 INFO  ExtentReportManager:180 - ------Creating Scenario example cucumber : 14
14/06/20 19:12:34 INFO  ExtentReportManager:217 - ------ Create Scenario Outline Or Standard : 14
14/06/20 19:13:31 INFO  ExtentReportManager:203 - ------Creating Result cucumber : 14
14/06/20 19:13:31 INFO  ExtentReportManager:203 - ------Creating Result cucumber : 14
14/06/20 19:13:31 INFO  ExtentReportManager:203 - ------Creating Result cucumber : 14
14/06/20 19:13:31 INFO  ExtentReportManager:166 - ------Creating Test Feature with Name : Api example 14
14/06/20 19:13:31 INFO  ExtentReportManager:180 - ------Creating Scenario example cucumber : 14
14/06/20 19:13:31 INFO  ExtentReportManager:217 - ------ Create Scenario Outline Or Standard : 14
14/06/20 19:13:33 INFO  ExtentReportManager:203 - ------Creating Result cucumber : 14
14/06/20 19:13:33 INFO  ExtentReportManager:203 - ------Creating Result cucumber : 14
14/06/20 19:13:33 INFO  ExtentReportManager:203 - ------Creating Result cucumber : 14
14/06/20 19:13:33 INFO  ExtentReportManager:166 - ------Creating Test Feature with Name : Api example 14
14/06/20 19:13:33 INFO  ExtentReportManager:180 - ------Creating Scenario example cucumber : 14
14/06/20 19:13:33 INFO  ExtentReportManager:217 - ------ Create Scenario Outline Or Standard : 14
14/06/20 19:14:17 INFO  ExtentReportManager:203 - ------Creating Result cucumber : 14
14/06/20 19:14:17 INFO  ExtentReportManager:166 - ------Creating Test Feature with Name : Api example 14
14/06/20 19:14:17 INFO  ExtentReportManager:171 - ------Creating Scenario Outline Node : 14
14/06/20 19:14:17 INFO  ExtentReportManager:180 - ------Creating Scenario example cucumber : 14
14/06/20 19:14:17 INFO  ExtentReportManager:217 - ------ Create Scenario Outline Or Standard : 14
14/06/20 19:14:25 INFO  ExtentReportManager:166 - ------Creating Test Feature with Name : Api example 14
14/06/20 19:14:25 INFO  ExtentReportManager:132 - ------ creating extent report infor --------------------------------
14/06/20 19:14:25 INFO  ExtentReportManager:79 - #####Extent xml configuration : /home/mauricio/eclipse-workspace/api-php-travels/extent-config.xml
14/06/20 19:14:25 INFO  ExtentReportManager:125 - --------EXTENTREPORT   Setting Append Existing to true -------------------------------
14/06/20 19:14:25 INFO  ExtentReportManager:171 - ------Creating Scenario Outline Node : 14
14/06/20 19:14:25 INFO  ExtentReportManager:180 - ------Creating Scenario example cucumber : 14
14/06/20 19:14:25 INFO  ExtentReportManager:217 - ------ Create Scenario Outline Or Standard : 14
14/06/20 19:14:28 INFO  ExtentReportManager:203 - ------Creating Result cucumber : 14
14/06/20 19:14:28 INFO  ExtentReportManager:203 - ------Creating Result cucumber : 14
14/06/20 19:14:28 INFO  ExtentReportManager:203 - ------Creating Result cucumber : 14
14/06/20 19:14:28 INFO  ExtentReportManager:166 - ------Creating Test Feature with Name : Api example 14
14/06/20 19:14:28 INFO  ExtentReportManager:180 - ------Creating Scenario example cucumber : 14
14/06/20 19:14:28 INFO  ExtentReportManager:217 - ------ Create Scenario Outline Or Standard : 14
14/06/20 19:14:29 INFO  ExtentReportManager:203 - ------Creating Result cucumber : 14
14/06/20 19:14:29 INFO  ExtentReportManager:203 - ------Creating Result cucumber : 14
14/06/20 19:14:29 INFO  ExtentReportManager:203 - ------Creating Result cucumber : 14
14/06/20 19:14:29 INFO  ExtentReportManager:166 - ------Creating Test Feature with Name : Api example 14
14/06/20 19:14:29 INFO  ExtentReportManager:180 - ------Creating Scenario example cucumber : 14
14/06/20 19:14:29 INFO  ExtentReportManager:217 - ------ Create Scenario Outline Or Standard : 14
14/06/20 19:37:46 INFO  ExtentReportManager:203 - ------Creating Result cucumber : 14
14/06/20 19:37:46 INFO  ExtentReportManager:166 - ------Creating Test Feature with Name : Api example 14
14/06/20 19:37:46 INFO  ExtentReportManager:171 - ------Creating Scenario Outline Node : 14
14/06/20 19:37:46 INFO  ExtentReportManager:180 - ------Creating Scenario example cucumber : 14
14/06/20 19:37:46 INFO  ExtentReportManager:217 - ------ Create Scenario Outline Or Standard : 14
14/06/20 22:54:14 INFO  ExtentReportManager:166 - ------Creating Test Feature with Name : Api example 13
14/06/20 22:54:14 INFO  ExtentReportManager:132 - ------ creating extent report infor --------------------------------
14/06/20 22:54:14 INFO  ExtentReportManager:79 - #####Extent xml configuration : /home/mauricio/eclipse-workspace/api-php-travels/extent-config.xml
14/06/20 22:54:14 INFO  ExtentReportManager:125 - --------EXTENTREPORT   Setting Append Existing to true -------------------------------
14/06/20 22:54:14 INFO  ExtentReportManager:171 - ------Creating Scenario Outline Node : 13
14/06/20 22:54:14 INFO  ExtentReportManager:180 - ------Creating Scenario example cucumber : 13
14/06/20 22:54:14 INFO  ExtentReportManager:217 - ------ Create Scenario Outline Or Standard : 13
14/06/20 22:54:18 INFO  ExtentReportManager:203 - ------Creating Result cucumber : 13
14/06/20 22:54:18 INFO  ExtentReportManager:203 - ------Creating Result cucumber : 13
14/06/20 22:54:18 INFO  ExtentReportManager:203 - ------Creating Result cucumber : 13
14/06/20 22:54:18 INFO  ExtentReportManager:166 - ------Creating Test Feature with Name : Api example 13
14/06/20 22:54:18 INFO  ExtentReportManager:171 - ------Creating Scenario Outline Node : 13
14/06/20 22:54:18 INFO  ExtentReportManager:180 - ------Creating Scenario example cucumber : 13
14/06/20 22:54:18 INFO  ExtentReportManager:217 - ------ Create Scenario Outline Or Standard : 13
14/06/20 22:54:18 INFO  ExtentReportManager:203 - ------Creating Result cucumber : 13
14/06/20 22:54:18 INFO  ExtentReportManager:166 - ------Creating Test Feature with Name : Api example 13
14/06/20 22:54:18 INFO  ExtentReportManager:171 - ------Creating Scenario Outline Node : 13
14/06/20 22:54:18 INFO  ExtentReportManager:180 - ------Creating Scenario example cucumber : 13
14/06/20 22:54:18 INFO  ExtentReportManager:217 - ------ Create Scenario Outline Or Standard : 13
14/06/20 22:54:18 INFO  ExtentReportManager:203 - ------Creating Result cucumber : 13
14/06/20 22:54:18 INFO  ExtentReportManager:160 - ------flushing Thread : 13
14/06/20 22:57:46 INFO  ExtentReportManager:166 - ------Creating Test Feature with Name : Api example 13
14/06/20 22:57:46 INFO  ExtentReportManager:132 - ------ creating extent report infor --------------------------------
14/06/20 22:57:46 INFO  ExtentReportManager:79 - #####Extent xml configuration : /home/mauricio/eclipse-workspace/api-php-travels/extent-config.xml
14/06/20 22:57:46 INFO  ExtentReportManager:125 - --------EXTENTREPORT   Setting Append Existing to true -------------------------------
14/06/20 22:57:46 INFO  ExtentReportManager:171 - ------Creating Scenario Outline Node : 13
14/06/20 22:57:46 INFO  ExtentReportManager:180 - ------Creating Scenario example cucumber : 13
14/06/20 22:57:46 INFO  ExtentReportManager:217 - ------ Create Scenario Outline Or Standard : 13
14/06/20 22:57:49 INFO  ExtentReportManager:203 - ------Creating Result cucumber : 13
14/06/20 22:57:49 INFO  ExtentReportManager:203 - ------Creating Result cucumber : 13
14/06/20 22:57:49 INFO  ExtentReportManager:203 - ------Creating Result cucumber : 13
14/06/20 22:57:49 INFO  ExtentReportManager:160 - ------flushing Thread : 13
15/06/20 12:13:54 INFO  ExtentReportManager:166 - ------Creating Test Feature with Name : Api example 13
15/06/20 12:13:54 INFO  ExtentReportManager:132 - ------ creating extent report infor --------------------------------
15/06/20 12:13:54 INFO  ExtentReportManager:79 - #####Extent xml configuration : /home/mauricio/eclipse-workspace/api-php-travels/extent-config.xml
15/06/20 12:13:55 INFO  ExtentReportManager:125 - --------EXTENTREPORT   Setting Append Existing to true -------------------------------
15/06/20 12:13:55 INFO  ExtentReportManager:171 - ------Creating Scenario Outline Node : 13
15/06/20 12:13:55 INFO  ExtentReportManager:180 - ------Creating Scenario example cucumber : 13
15/06/20 12:13:55 INFO  ExtentReportManager:217 - ------ Create Scenario Outline Or Standard : 13
15/06/20 12:13:58 INFO  ExtentReportManager:203 - ------Creating Result cucumber : 13
15/06/20 12:13:58 INFO  ExtentReportManager:203 - ------Creating Result cucumber : 13
15/06/20 12:13:58 INFO  ExtentReportManager:203 - ------Creating Result cucumber : 13
15/06/20 12:13:58 INFO  ExtentReportManager:166 - ------Creating Test Feature with Name : Api example 13
15/06/20 12:13:58 INFO  ExtentReportManager:171 - ------Creating Scenario Outline Node : 13
15/06/20 12:13:58 INFO  ExtentReportManager:180 - ------Creating Scenario example cucumber : 13
15/06/20 12:13:58 INFO  ExtentReportManager:217 - ------ Create Scenario Outline Or Standard : 13
15/06/20 12:13:59 INFO  ExtentReportManager:203 - ------Creating Result cucumber : 13
15/06/20 12:13:59 INFO  ExtentReportManager:203 - ------Creating Result cucumber : 13
15/06/20 12:13:59 INFO  ExtentReportManager:203 - ------Creating Result cucumber : 13
15/06/20 12:13:59 INFO  ExtentReportManager:160 - ------flushing Thread : 13
15/06/20 12:14:44 INFO  ExtentReportManager:166 - ------Creating Test Feature with Name : Api example 13
15/06/20 12:14:44 INFO  ExtentReportManager:132 - ------ creating extent report infor --------------------------------
15/06/20 12:14:44 INFO  ExtentReportManager:79 - #####Extent xml configuration : /home/mauricio/eclipse-workspace/api-php-travels/extent-config.xml
15/06/20 12:14:45 INFO  ExtentReportManager:125 - --------EXTENTREPORT   Setting Append Existing to true -------------------------------
15/06/20 12:14:45 INFO  ExtentReportManager:171 - ------Creating Scenario Outline Node : 13
15/06/20 12:14:45 INFO  ExtentReportManager:180 - ------Creating Scenario example cucumber : 13
15/06/20 12:14:45 INFO  ExtentReportManager:217 - ------ Create Scenario Outline Or Standard : 13
15/06/20 12:14:47 INFO  ExtentReportManager:203 - ------Creating Result cucumber : 13
15/06/20 12:14:47 INFO  ExtentReportManager:203 - ------Creating Result cucumber : 13
15/06/20 12:14:47 INFO  ExtentReportManager:203 - ------Creating Result cucumber : 13
15/06/20 12:14:47 INFO  ExtentReportManager:166 - ------Creating Test Feature with Name : Api example 13
15/06/20 12:14:47 INFO  ExtentReportManager:171 - ------Creating Scenario Outline Node : 13
15/06/20 12:14:47 INFO  ExtentReportManager:180 - ------Creating Scenario example cucumber : 13
15/06/20 12:14:47 INFO  ExtentReportManager:217 - ------ Create Scenario Outline Or Standard : 13
15/06/20 12:14:49 INFO  ExtentReportManager:203 - ------Creating Result cucumber : 13
15/06/20 12:14:49 INFO  ExtentReportManager:203 - ------Creating Result cucumber : 13
15/06/20 12:14:49 INFO  ExtentReportManager:203 - ------Creating Result cucumber : 13
15/06/20 12:14:49 INFO  ExtentReportManager:160 - ------flushing Thread : 13
15/06/20 12:15:40 INFO  ExtentReportManager:166 - ------Creating Test Feature with Name : Api example 12
15/06/20 12:15:41 INFO  ExtentReportManager:132 - ------ creating extent report infor --------------------------------
15/06/20 12:15:41 INFO  ExtentReportManager:79 - #####Extent xml configuration : /home/mauricio/eclipse-workspace/api-php-travels/extent-config.xml
15/06/20 12:15:41 INFO  ExtentReportManager:125 - --------EXTENTREPORT   Setting Append Existing to true -------------------------------
15/06/20 12:15:41 INFO  ExtentReportManager:171 - ------Creating Scenario Outline Node : 12
15/06/20 12:15:41 INFO  ExtentReportManager:180 - ------Creating Scenario example cucumber : 12
15/06/20 12:15:41 INFO  ExtentReportManager:217 - ------ Create Scenario Outline Or Standard : 12
15/06/20 12:15:44 INFO  ExtentReportManager:203 - ------Creating Result cucumber : 12
15/06/20 12:15:44 INFO  ExtentReportManager:203 - ------Creating Result cucumber : 12
15/06/20 12:15:44 INFO  ExtentReportManager:203 - ------Creating Result cucumber : 12
15/06/20 12:15:44 INFO  ExtentReportManager:166 - ------Creating Test Feature with Name : Api example 12
15/06/20 12:15:44 INFO  ExtentReportManager:171 - ------Creating Scenario Outline Node : 12
15/06/20 12:15:44 INFO  ExtentReportManager:180 - ------Creating Scenario example cucumber : 12
15/06/20 12:15:44 INFO  ExtentReportManager:217 - ------ Create Scenario Outline Or Standard : 12
15/06/20 12:15:45 INFO  ExtentReportManager:203 - ------Creating Result cucumber : 12
15/06/20 12:15:45 INFO  ExtentReportManager:203 - ------Creating Result cucumber : 12
15/06/20 12:15:45 INFO  ExtentReportManager:203 - ------Creating Result cucumber : 12
15/06/20 12:15:45 INFO  ExtentReportManager:160 - ------flushing Thread : 12
15/06/20 12:27:16 INFO  ExtentReportManager:166 - ------Creating Test Feature with Name : Api example 12
15/06/20 12:27:16 INFO  ExtentReportManager:132 - ------ creating extent report infor --------------------------------
15/06/20 12:27:16 INFO  ExtentReportManager:79 - #####Extent xml configuration : /home/mauricio/eclipse-workspace/api-php-travels/extent-config.xml
15/06/20 12:27:16 INFO  ExtentReportManager:125 - --------EXTENTREPORT   Setting Append Existing to true -------------------------------
15/06/20 12:27:16 INFO  ExtentReportManager:171 - ------Creating Scenario Outline Node : 12
15/06/20 12:27:16 INFO  ExtentReportManager:180 - ------Creating Scenario example cucumber : 12
15/06/20 12:27:16 INFO  ExtentReportManager:217 - ------ Create Scenario Outline Or Standard : 12
15/06/20 12:27:19 INFO  ExtentReportManager:203 - ------Creating Result cucumber : 12
15/06/20 12:27:19 INFO  ExtentReportManager:203 - ------Creating Result cucumber : 12
15/06/20 12:27:19 INFO  ExtentReportManager:203 - ------Creating Result cucumber : 12
15/06/20 12:27:19 INFO  ExtentReportManager:166 - ------Creating Test Feature with Name : Api example 12
15/06/20 12:27:19 INFO  ExtentReportManager:171 - ------Creating Scenario Outline Node : 12
15/06/20 12:27:19 INFO  ExtentReportManager:180 - ------Creating Scenario example cucumber : 12
15/06/20 12:27:19 INFO  ExtentReportManager:217 - ------ Create Scenario Outline Or Standard : 12
15/06/20 12:27:21 INFO  ExtentReportManager:203 - ------Creating Result cucumber : 12
15/06/20 12:27:21 INFO  ExtentReportManager:203 - ------Creating Result cucumber : 12
15/06/20 12:27:21 INFO  ExtentReportManager:203 - ------Creating Result cucumber : 12
15/06/20 12:27:21 INFO  ExtentReportManager:166 - ------Creating Test Feature with Name : Api example 12
15/06/20 12:27:21 INFO  ExtentReportManager:180 - ------Creating Scenario example cucumber : 12
15/06/20 12:27:21 INFO  ExtentReportManager:217 - ------ Create Scenario Outline Or Standard : 12
15/06/20 12:27:22 INFO  ExtentReportManager:203 - ------Creating Result cucumber : 12
15/06/20 12:27:22 INFO  ExtentReportManager:203 - ------Creating Result cucumber : 12
15/06/20 12:27:22 INFO  ExtentReportManager:203 - ------Creating Result cucumber : 12
15/06/20 12:27:22 INFO  ExtentReportManager:160 - ------flushing Thread : 12
15/06/20 12:27:52 INFO  ExtentReportManager:166 - ------Creating Test Feature with Name : Api example 13
15/06/20 12:27:52 INFO  ExtentReportManager:132 - ------ creating extent report infor --------------------------------
15/06/20 12:27:52 INFO  ExtentReportManager:79 - #####Extent xml configuration : /home/mauricio/eclipse-workspace/api-php-travels/extent-config.xml
15/06/20 12:27:52 INFO  ExtentReportManager:125 - --------EXTENTREPORT   Setting Append Existing to true -------------------------------
15/06/20 12:27:52 INFO  ExtentReportManager:171 - ------Creating Scenario Outline Node : 13
15/06/20 12:27:52 INFO  ExtentReportManager:180 - ------Creating Scenario example cucumber : 13
15/06/20 12:27:52 INFO  ExtentReportManager:217 - ------ Create Scenario Outline Or Standard : 13
15/06/20 12:27:55 INFO  ExtentReportManager:203 - ------Creating Result cucumber : 13
15/06/20 12:27:55 INFO  ExtentReportManager:203 - ------Creating Result cucumber : 13
15/06/20 12:27:55 INFO  ExtentReportManager:203 - ------Creating Result cucumber : 13
15/06/20 12:27:55 INFO  ExtentReportManager:166 - ------Creating Test Feature with Name : Api example 13
15/06/20 12:27:55 INFO  ExtentReportManager:171 - ------Creating Scenario Outline Node : 13
15/06/20 12:27:55 INFO  ExtentReportManager:180 - ------Creating Scenario example cucumber : 13
15/06/20 12:27:55 INFO  ExtentReportManager:217 - ------ Create Scenario Outline Or Standard : 13
15/06/20 12:27:57 INFO  ExtentReportManager:203 - ------Creating Result cucumber : 13
15/06/20 12:27:57 INFO  ExtentReportManager:203 - ------Creating Result cucumber : 13
15/06/20 12:27:57 INFO  ExtentReportManager:203 - ------Creating Result cucumber : 13
15/06/20 12:27:57 INFO  ExtentReportManager:166 - ------Creating Test Feature with Name : Api example 13
15/06/20 12:27:57 INFO  ExtentReportManager:180 - ------Creating Scenario example cucumber : 13
15/06/20 12:27:57 INFO  ExtentReportManager:217 - ------ Create Scenario Outline Or Standard : 13
15/06/20 12:27:58 INFO  ExtentReportManager:203 - ------Creating Result cucumber : 13
15/06/20 12:27:58 INFO  ExtentReportManager:203 - ------Creating Result cucumber : 13
15/06/20 12:27:58 INFO  ExtentReportManager:203 - ------Creating Result cucumber : 13
15/06/20 12:27:58 INFO  ExtentReportManager:160 - ------flushing Thread : 13
15/06/20 12:28:55 INFO  ExtentReportManager:166 - ------Creating Test Feature with Name : Api example 12
15/06/20 12:28:55 INFO  ExtentReportManager:132 - ------ creating extent report infor --------------------------------
15/06/20 12:28:55 INFO  ExtentReportManager:79 - #####Extent xml configuration : /home/mauricio/eclipse-workspace/api-php-travels/extent-config.xml
15/06/20 12:28:56 INFO  ExtentReportManager:125 - --------EXTENTREPORT   Setting Append Existing to true -------------------------------
15/06/20 12:28:56 INFO  ExtentReportManager:171 - ------Creating Scenario Outline Node : 12
15/06/20 12:28:56 INFO  ExtentReportManager:180 - ------Creating Scenario example cucumber : 12
15/06/20 12:28:56 INFO  ExtentReportManager:217 - ------ Create Scenario Outline Or Standard : 12
15/06/20 12:28:59 INFO  ExtentReportManager:203 - ------Creating Result cucumber : 12
15/06/20 12:28:59 INFO  ExtentReportManager:203 - ------Creating Result cucumber : 12
15/06/20 12:28:59 INFO  ExtentReportManager:203 - ------Creating Result cucumber : 12
15/06/20 12:28:59 INFO  ExtentReportManager:166 - ------Creating Test Feature with Name : Api example 12
15/06/20 12:28:59 INFO  ExtentReportManager:171 - ------Creating Scenario Outline Node : 12
15/06/20 12:28:59 INFO  ExtentReportManager:180 - ------Creating Scenario example cucumber : 12
15/06/20 12:28:59 INFO  ExtentReportManager:217 - ------ Create Scenario Outline Or Standard : 12
15/06/20 12:29:00 INFO  ExtentReportManager:203 - ------Creating Result cucumber : 12
15/06/20 12:29:00 INFO  ExtentReportManager:203 - ------Creating Result cucumber : 12
15/06/20 12:29:00 INFO  ExtentReportManager:203 - ------Creating Result cucumber : 12
15/06/20 12:29:00 INFO  ExtentReportManager:166 - ------Creating Test Feature with Name : Api example 12
15/06/20 12:29:00 INFO  ExtentReportManager:180 - ------Creating Scenario example cucumber : 12
15/06/20 12:29:00 INFO  ExtentReportManager:217 - ------ Create Scenario Outline Or Standard : 12
15/06/20 12:29:02 INFO  ExtentReportManager:203 - ------Creating Result cucumber : 12
15/06/20 12:29:02 INFO  ExtentReportManager:203 - ------Creating Result cucumber : 12
15/06/20 12:29:02 INFO  ExtentReportManager:203 - ------Creating Result cucumber : 12
15/06/20 12:29:02 INFO  ExtentReportManager:160 - ------flushing Thread : 12
15/06/20 12:30:08 INFO  ExtentReportManager:166 - ------Creating Test Feature with Name : Api example 12
15/06/20 12:30:08 INFO  ExtentReportManager:132 - ------ creating extent report infor --------------------------------
15/06/20 12:30:08 INFO  ExtentReportManager:79 - #####Extent xml configuration : /home/mauricio/eclipse-workspace/api-php-travels/extent-config.xml
15/06/20 12:30:08 INFO  ExtentReportManager:125 - --------EXTENTREPORT   Setting Append Existing to true -------------------------------
15/06/20 12:30:08 INFO  ExtentReportManager:171 - ------Creating Scenario Outline Node : 12
15/06/20 12:30:08 INFO  ExtentReportManager:180 - ------Creating Scenario example cucumber : 12
15/06/20 12:30:08 INFO  ExtentReportManager:217 - ------ Create Scenario Outline Or Standard : 12
15/06/20 12:30:11 INFO  ExtentReportManager:203 - ------Creating Result cucumber : 12
15/06/20 12:30:11 INFO  ExtentReportManager:203 - ------Creating Result cucumber : 12
15/06/20 12:30:11 INFO  ExtentReportManager:203 - ------Creating Result cucumber : 12
15/06/20 12:30:11 INFO  ExtentReportManager:166 - ------Creating Test Feature with Name : Api example 12
15/06/20 12:30:11 INFO  ExtentReportManager:171 - ------Creating Scenario Outline Node : 12
15/06/20 12:30:11 INFO  ExtentReportManager:180 - ------Creating Scenario example cucumber : 12
15/06/20 12:30:11 INFO  ExtentReportManager:217 - ------ Create Scenario Outline Or Standard : 12
15/06/20 12:30:12 INFO  ExtentReportManager:203 - ------Creating Result cucumber : 12
15/06/20 12:30:12 INFO  ExtentReportManager:203 - ------Creating Result cucumber : 12
15/06/20 12:30:12 INFO  ExtentReportManager:203 - ------Creating Result cucumber : 12
15/06/20 12:30:12 INFO  ExtentReportManager:166 - ------Creating Test Feature with Name : Api example 12
15/06/20 12:30:12 INFO  ExtentReportManager:180 - ------Creating Scenario example cucumber : 12
15/06/20 12:30:12 INFO  ExtentReportManager:217 - ------ Create Scenario Outline Or Standard : 12
15/06/20 12:30:14 INFO  ExtentReportManager:203 - ------Creating Result cucumber : 12
15/06/20 12:30:14 INFO  ExtentReportManager:203 - ------Creating Result cucumber : 12
15/06/20 12:30:14 INFO  ExtentReportManager:203 - ------Creating Result cucumber : 12
15/06/20 12:30:14 INFO  ExtentReportManager:166 - ------Creating Test Feature with Name : Api example 12
15/06/20 12:30:14 INFO  ExtentReportManager:180 - ------Creating Scenario example cucumber : 12
15/06/20 12:30:14 INFO  ExtentReportManager:217 - ------ Create Scenario Outline Or Standard : 12
15/06/20 12:30:15 INFO  ExtentReportManager:203 - ------Creating Result cucumber : 12
15/06/20 12:30:15 INFO  ExtentReportManager:203 - ------Creating Result cucumber : 12
15/06/20 12:30:15 INFO  ExtentReportManager:203 - ------Creating Result cucumber : 12
15/06/20 12:30:15 INFO  ExtentReportManager:160 - ------flushing Thread : 12
15/06/20 12:38:05 INFO  ExtentReportManager:166 - ------Creating Test Feature with Name : Api example 13
15/06/20 12:38:05 INFO  ExtentReportManager:132 - ------ creating extent report infor --------------------------------
15/06/20 12:38:05 INFO  ExtentReportManager:79 - #####Extent xml configuration : /home/mauricio/eclipse-workspace/api-php-travels/extent-config.xml
15/06/20 12:38:05 INFO  ExtentReportManager:125 - --------EXTENTREPORT   Setting Append Existing to true -------------------------------
15/06/20 12:38:05 INFO  ExtentReportManager:171 - ------Creating Scenario Outline Node : 13
15/06/20 12:38:05 INFO  ExtentReportManager:180 - ------Creating Scenario example cucumber : 13
15/06/20 12:38:05 INFO  ExtentReportManager:217 - ------ Create Scenario Outline Or Standard : 13
15/06/20 12:38:08 INFO  ExtentReportManager:203 - ------Creating Result cucumber : 13
15/06/20 12:38:08 INFO  ExtentReportManager:203 - ------Creating Result cucumber : 13
15/06/20 12:38:08 INFO  ExtentReportManager:203 - ------Creating Result cucumber : 13
15/06/20 12:38:08 INFO  ExtentReportManager:166 - ------Creating Test Feature with Name : Api example 13
15/06/20 12:38:08 INFO  ExtentReportManager:171 - ------Creating Scenario Outline Node : 13
15/06/20 12:38:08 INFO  ExtentReportManager:180 - ------Creating Scenario example cucumber : 13
15/06/20 12:38:09 INFO  ExtentReportManager:217 - ------ Create Scenario Outline Or Standard : 13
15/06/20 12:38:10 INFO  ExtentReportManager:203 - ------Creating Result cucumber : 13
15/06/20 12:38:10 INFO  ExtentReportManager:203 - ------Creating Result cucumber : 13
15/06/20 12:38:10 INFO  ExtentReportManager:203 - ------Creating Result cucumber : 13
15/06/20 12:38:10 INFO  ExtentReportManager:166 - ------Creating Test Feature with Name : Api example 13
15/06/20 12:38:10 INFO  ExtentReportManager:180 - ------Creating Scenario example cucumber : 13
15/06/20 12:38:10 INFO  ExtentReportManager:217 - ------ Create Scenario Outline Or Standard : 13
15/06/20 12:38:12 INFO  ExtentReportManager:203 - ------Creating Result cucumber : 13
15/06/20 12:38:12 INFO  ExtentReportManager:203 - ------Creating Result cucumber : 13
15/06/20 12:38:12 INFO  ExtentReportManager:203 - ------Creating Result cucumber : 13
15/06/20 12:38:12 INFO  ExtentReportManager:166 - ------Creating Test Feature with Name : Api example 13
15/06/20 12:38:12 INFO  ExtentReportManager:180 - ------Creating Scenario example cucumber : 13
15/06/20 12:38:12 INFO  ExtentReportManager:217 - ------ Create Scenario Outline Or Standard : 13
15/06/20 12:38:13 INFO  ExtentReportManager:203 - ------Creating Result cucumber : 13
15/06/20 12:38:13 INFO  ExtentReportManager:203 - ------Creating Result cucumber : 13
15/06/20 12:38:13 INFO  ExtentReportManager:203 - ------Creating Result cucumber : 13
15/06/20 12:38:13 INFO  ExtentReportManager:166 - ------Creating Test Feature with Name : Api example 13
15/06/20 12:38:13 INFO  ExtentReportManager:171 - ------Creating Scenario Outline Node : 13
15/06/20 12:38:13 INFO  ExtentReportManager:180 - ------Creating Scenario example cucumber : 13
15/06/20 12:38:13 INFO  ExtentReportManager:217 - ------ Create Scenario Outline Or Standard : 13
15/06/20 12:38:13 INFO  ExtentReportManager:203 - ------Creating Result cucumber : 13
15/06/20 12:38:13 INFO  ExtentReportManager:203 - ------Creating Result cucumber : 13
15/06/20 12:38:13 INFO  ExtentReportManager:160 - ------flushing Thread : 13
15/06/20 18:55:52 INFO  ExtentReportManager:166 - ------Creating Test Feature with Name : Api example 13
15/06/20 18:55:52 INFO  ExtentReportManager:132 - ------ creating extent report infor --------------------------------
15/06/20 18:55:52 INFO  ExtentReportManager:79 - #####Extent xml configuration : /home/mauricio/eclipse-workspace/api-php-travels/extent-config.xml
15/06/20 18:55:52 INFO  ExtentReportManager:125 - --------EXTENTREPORT   Setting Append Existing to true -------------------------------
15/06/20 18:55:52 INFO  ExtentReportManager:171 - ------Creating Scenario Outline Node : 13
15/06/20 18:55:52 INFO  ExtentReportManager:180 - ------Creating Scenario example cucumber : 13
15/06/20 18:55:52 INFO  ExtentReportManager:217 - ------ Create Scenario Outline Or Standard : 13
15/06/20 18:55:56 INFO  ExtentReportManager:203 - ------Creating Result cucumber : 13
15/06/20 18:55:56 INFO  ExtentReportManager:203 - ------Creating Result cucumber : 13
15/06/20 18:55:56 INFO  ExtentReportManager:203 - ------Creating Result cucumber : 13
15/06/20 18:55:56 INFO  ExtentReportManager:166 - ------Creating Test Feature with Name : Api example 13
15/06/20 18:55:56 INFO  ExtentReportManager:171 - ------Creating Scenario Outline Node : 13
15/06/20 18:55:56 INFO  ExtentReportManager:180 - ------Creating Scenario example cucumber : 13
15/06/20 18:55:56 INFO  ExtentReportManager:217 - ------ Create Scenario Outline Or Standard : 13
15/06/20 18:55:57 INFO  ExtentReportManager:203 - ------Creating Result cucumber : 13
15/06/20 18:55:57 INFO  ExtentReportManager:203 - ------Creating Result cucumber : 13
15/06/20 18:55:57 INFO  ExtentReportManager:203 - ------Creating Result cucumber : 13
15/06/20 18:55:57 INFO  ExtentReportManager:166 - ------Creating Test Feature with Name : Api example 13
15/06/20 18:55:57 INFO  ExtentReportManager:180 - ------Creating Scenario example cucumber : 13
15/06/20 18:55:57 INFO  ExtentReportManager:217 - ------ Create Scenario Outline Or Standard : 13
15/06/20 18:55:59 INFO  ExtentReportManager:203 - ------Creating Result cucumber : 13
15/06/20 18:55:59 INFO  ExtentReportManager:203 - ------Creating Result cucumber : 13
15/06/20 18:55:59 INFO  ExtentReportManager:203 - ------Creating Result cucumber : 13
15/06/20 18:55:59 INFO  ExtentReportManager:166 - ------Creating Test Feature with Name : Api example 13
15/06/20 18:55:59 INFO  ExtentReportManager:180 - ------Creating Scenario example cucumber : 13
15/06/20 18:55:59 INFO  ExtentReportManager:217 - ------ Create Scenario Outline Or Standard : 13
15/06/20 18:56:01 INFO  ExtentReportManager:203 - ------Creating Result cucumber : 13
15/06/20 18:56:01 INFO  ExtentReportManager:203 - ------Creating Result cucumber : 13
15/06/20 18:56:01 INFO  ExtentReportManager:203 - ------Creating Result cucumber : 13
15/06/20 18:56:01 INFO  ExtentReportManager:166 - ------Creating Test Feature with Name : Api example 13
15/06/20 18:56:01 INFO  ExtentReportManager:171 - ------Creating Scenario Outline Node : 13
15/06/20 18:56:01 INFO  ExtentReportManager:180 - ------Creating Scenario example cucumber : 13
15/06/20 18:56:01 INFO  ExtentReportManager:217 - ------ Create Scenario Outline Or Standard : 13
15/06/20 18:56:01 INFO  ExtentReportManager:203 - ------Creating Result cucumber : 13
15/06/20 18:56:01 INFO  ExtentReportManager:203 - ------Creating Result cucumber : 13
15/06/20 18:56:01 INFO  ExtentReportManager:166 - ------Creating Test Feature with Name : Api example 13
15/06/20 18:56:01 INFO  ExtentReportManager:171 - ------Creating Scenario Outline Node : 13
15/06/20 18:56:01 INFO  ExtentReportManager:180 - ------Creating Scenario example cucumber : 13
15/06/20 18:56:01 INFO  ExtentReportManager:217 - ------ Create Scenario Outline Or Standard : 13
15/06/20 18:56:01 INFO  ExtentReportManager:203 - ------Creating Result cucumber : 13
15/06/20 18:56:01 INFO  ExtentReportManager:203 - ------Creating Result cucumber : 13
15/06/20 18:56:01 INFO  ExtentReportManager:160 - ------flushing Thread : 13
16/06/20 12:42:47 INFO  ExtentReportManager:166 - ------Creating Test Feature with Name : Api example 13
16/06/20 12:42:47 INFO  ExtentReportManager:132 - ------ creating extent report infor --------------------------------
16/06/20 12:42:47 INFO  ExtentReportManager:79 - #####Extent xml configuration : /home/mauricio/eclipse-workspace/api-php-travels/extent-config.xml
16/06/20 12:42:47 INFO  ExtentReportManager:125 - --------EXTENTREPORT   Setting Append Existing to true -------------------------------
16/06/20 12:42:47 INFO  ExtentReportManager:171 - ------Creating Scenario Outline Node : 13
16/06/20 12:42:47 INFO  ExtentReportManager:180 - ------Creating Scenario example cucumber : 13
16/06/20 12:42:47 INFO  ExtentReportManager:217 - ------ Create Scenario Outline Or Standard : 13
16/06/20 12:42:51 INFO  ExtentReportManager:203 - ------Creating Result cucumber : 13
16/06/20 12:42:51 INFO  ExtentReportManager:203 - ------Creating Result cucumber : 13
16/06/20 12:42:51 INFO  ExtentReportManager:203 - ------Creating Result cucumber : 13
16/06/20 12:42:51 INFO  ExtentReportManager:166 - ------Creating Test Feature with Name : Api example 13
16/06/20 12:42:51 INFO  ExtentReportManager:171 - ------Creating Scenario Outline Node : 13
16/06/20 12:42:51 INFO  ExtentReportManager:180 - ------Creating Scenario example cucumber : 13
16/06/20 12:42:51 INFO  ExtentReportManager:217 - ------ Create Scenario Outline Or Standard : 13
16/06/20 12:42:53 INFO  ExtentReportManager:203 - ------Creating Result cucumber : 13
16/06/20 12:42:53 INFO  ExtentReportManager:203 - ------Creating Result cucumber : 13
16/06/20 12:42:53 INFO  ExtentReportManager:203 - ------Creating Result cucumber : 13
16/06/20 12:42:53 INFO  ExtentReportManager:166 - ------Creating Test Feature with Name : Api example 13
16/06/20 12:42:53 INFO  ExtentReportManager:180 - ------Creating Scenario example cucumber : 13
16/06/20 12:42:53 INFO  ExtentReportManager:217 - ------ Create Scenario Outline Or Standard : 13
16/06/20 12:42:54 INFO  ExtentReportManager:203 - ------Creating Result cucumber : 13
16/06/20 12:42:54 INFO  ExtentReportManager:203 - ------Creating Result cucumber : 13
16/06/20 12:42:54 INFO  ExtentReportManager:203 - ------Creating Result cucumber : 13
16/06/20 12:42:54 INFO  ExtentReportManager:166 - ------Creating Test Feature with Name : Api example 13
16/06/20 12:42:54 INFO  ExtentReportManager:180 - ------Creating Scenario example cucumber : 13
16/06/20 12:42:54 INFO  ExtentReportManager:217 - ------ Create Scenario Outline Or Standard : 13
16/06/20 12:42:56 INFO  ExtentReportManager:203 - ------Creating Result cucumber : 13
16/06/20 12:42:56 INFO  ExtentReportManager:203 - ------Creating Result cucumber : 13
16/06/20 12:42:56 INFO  ExtentReportManager:203 - ------Creating Result cucumber : 13
16/06/20 12:42:56 INFO  ExtentReportManager:166 - ------Creating Test Feature with Name : Api example 13
16/06/20 12:42:56 INFO  ExtentReportManager:171 - ------Creating Scenario Outline Node : 13
16/06/20 12:42:56 INFO  ExtentReportManager:180 - ------Creating Scenario example cucumber : 13
16/06/20 12:42:56 INFO  ExtentReportManager:217 - ------ Create Scenario Outline Or Standard : 13
16/06/20 12:42:56 INFO  ExtentReportManager:203 - ------Creating Result cucumber : 13
16/06/20 12:42:56 INFO  ExtentReportManager:203 - ------Creating Result cucumber : 13
16/06/20 12:42:56 INFO  ExtentReportManager:166 - ------Creating Test Feature with Name : Api example 13
16/06/20 12:42:56 INFO  ExtentReportManager:171 - ------Creating Scenario Outline Node : 13
16/06/20 12:42:56 INFO  ExtentReportManager:180 - ------Creating Scenario example cucumber : 13
16/06/20 12:42:56 INFO  ExtentReportManager:217 - ------ Create Scenario Outline Or Standard : 13
16/06/20 12:42:56 INFO  ExtentReportManager:203 - ------Creating Result cucumber : 13
16/06/20 12:42:56 INFO  ExtentReportManager:203 - ------Creating Result cucumber : 13
16/06/20 12:42:56 INFO  ExtentReportManager:160 - ------flushing Thread : 13
16/06/20 12:43:51 INFO  ExtentReportManager:166 - ------Creating Test Feature with Name : Api example 13
16/06/20 12:43:51 INFO  ExtentReportManager:132 - ------ creating extent report infor --------------------------------
16/06/20 12:43:51 INFO  ExtentReportManager:79 - #####Extent xml configuration : /home/mauricio/eclipse-workspace/api-php-travels/extent-config.xml
16/06/20 12:43:51 INFO  ExtentReportManager:125 - --------EXTENTREPORT   Setting Append Existing to true -------------------------------
16/06/20 12:43:51 INFO  ExtentReportManager:171 - ------Creating Scenario Outline Node : 13
16/06/20 12:43:51 INFO  ExtentReportManager:180 - ------Creating Scenario example cucumber : 13
16/06/20 12:43:51 INFO  ExtentReportManager:217 - ------ Create Scenario Outline Or Standard : 13
16/06/20 12:43:54 INFO  ExtentReportManager:203 - ------Creating Result cucumber : 13
16/06/20 12:43:54 INFO  ExtentReportManager:203 - ------Creating Result cucumber : 13
16/06/20 12:43:54 INFO  ExtentReportManager:203 - ------Creating Result cucumber : 13
16/06/20 12:43:54 INFO  ExtentReportManager:166 - ------Creating Test Feature with Name : Api example 13
16/06/20 12:43:54 INFO  ExtentReportManager:171 - ------Creating Scenario Outline Node : 13
16/06/20 12:43:54 INFO  ExtentReportManager:180 - ------Creating Scenario example cucumber : 13
16/06/20 12:43:54 INFO  ExtentReportManager:217 - ------ Create Scenario Outline Or Standard : 13
16/06/20 12:43:56 INFO  ExtentReportManager:203 - ------Creating Result cucumber : 13
16/06/20 12:43:56 INFO  ExtentReportManager:203 - ------Creating Result cucumber : 13
16/06/20 12:43:56 INFO  ExtentReportManager:203 - ------Creating Result cucumber : 13
16/06/20 12:43:56 INFO  ExtentReportManager:166 - ------Creating Test Feature with Name : Api example 13
16/06/20 12:43:56 INFO  ExtentReportManager:180 - ------Creating Scenario example cucumber : 13
16/06/20 12:43:56 INFO  ExtentReportManager:217 - ------ Create Scenario Outline Or Standard : 13
16/06/20 12:43:58 INFO  ExtentReportManager:203 - ------Creating Result cucumber : 13
16/06/20 12:43:58 INFO  ExtentReportManager:203 - ------Creating Result cucumber : 13
16/06/20 12:43:58 INFO  ExtentReportManager:203 - ------Creating Result cucumber : 13
16/06/20 12:43:58 INFO  ExtentReportManager:166 - ------Creating Test Feature with Name : Api example 13
16/06/20 12:43:58 INFO  ExtentReportManager:171 - ------Creating Scenario Outline Node : 13
16/06/20 12:43:58 INFO  ExtentReportManager:180 - ------Creating Scenario example cucumber : 13
16/06/20 12:43:58 INFO  ExtentReportManager:217 - ------ Create Scenario Outline Or Standard : 13
16/06/20 12:43:58 INFO  ExtentReportManager:203 - ------Creating Result cucumber : 13
16/06/20 12:43:58 INFO  ExtentReportManager:203 - ------Creating Result cucumber : 13
16/06/20 12:43:58 INFO  ExtentReportManager:166 - ------Creating Test Feature with Name : Api example 13
16/06/20 12:43:58 INFO  ExtentReportManager:171 - ------Creating Scenario Outline Node : 13
16/06/20 12:43:58 INFO  ExtentReportManager:180 - ------Creating Scenario example cucumber : 13
16/06/20 12:43:58 INFO  ExtentReportManager:217 - ------ Create Scenario Outline Or Standard : 13
16/06/20 12:43:58 INFO  ExtentReportManager:203 - ------Creating Result cucumber : 13
16/06/20 12:43:58 INFO  ExtentReportManager:203 - ------Creating Result cucumber : 13
16/06/20 12:43:58 INFO  ExtentReportManager:160 - ------flushing Thread : 13
16/06/20 12:44:22 INFO  ExtentReportManager:166 - ------Creating Test Feature with Name : Api example 13
16/06/20 12:44:22 INFO  ExtentReportManager:132 - ------ creating extent report infor --------------------------------
16/06/20 12:44:22 INFO  ExtentReportManager:79 - #####Extent xml configuration : /home/mauricio/eclipse-workspace/api-php-travels/extent-config.xml
16/06/20 12:44:22 INFO  ExtentReportManager:125 - --------EXTENTREPORT   Setting Append Existing to true -------------------------------
16/06/20 12:44:22 INFO  ExtentReportManager:171 - ------Creating Scenario Outline Node : 13
16/06/20 12:44:22 INFO  ExtentReportManager:180 - ------Creating Scenario example cucumber : 13
16/06/20 12:44:22 INFO  ExtentReportManager:217 - ------ Create Scenario Outline Or Standard : 13
16/06/20 12:44:25 INFO  ExtentReportManager:203 - ------Creating Result cucumber : 13
16/06/20 12:44:25 INFO  ExtentReportManager:203 - ------Creating Result cucumber : 13
16/06/20 12:44:25 INFO  ExtentReportManager:203 - ------Creating Result cucumber : 13
16/06/20 12:44:25 INFO  ExtentReportManager:166 - ------Creating Test Feature with Name : Api example 13
16/06/20 12:44:25 INFO  ExtentReportManager:171 - ------Creating Scenario Outline Node : 13
16/06/20 12:44:25 INFO  ExtentReportManager:180 - ------Creating Scenario example cucumber : 13
16/06/20 12:44:25 INFO  ExtentReportManager:217 - ------ Create Scenario Outline Or Standard : 13
16/06/20 12:44:27 INFO  ExtentReportManager:203 - ------Creating Result cucumber : 13
16/06/20 12:44:27 INFO  ExtentReportManager:203 - ------Creating Result cucumber : 13
16/06/20 12:44:27 INFO  ExtentReportManager:203 - ------Creating Result cucumber : 13
16/06/20 12:44:27 INFO  ExtentReportManager:166 - ------Creating Test Feature with Name : Api example 13
16/06/20 12:44:27 INFO  ExtentReportManager:180 - ------Creating Scenario example cucumber : 13
16/06/20 12:44:27 INFO  ExtentReportManager:217 - ------ Create Scenario Outline Or Standard : 13
16/06/20 12:44:28 INFO  ExtentReportManager:203 - ------Creating Result cucumber : 13
16/06/20 12:44:28 INFO  ExtentReportManager:203 - ------Creating Result cucumber : 13
16/06/20 12:44:28 INFO  ExtentReportManager:203 - ------Creating Result cucumber : 13
16/06/20 12:44:28 INFO  ExtentReportManager:166 - ------Creating Test Feature with Name : Api example 13
16/06/20 12:44:28 INFO  ExtentReportManager:171 - ------Creating Scenario Outline Node : 13
16/06/20 12:44:28 INFO  ExtentReportManager:180 - ------Creating Scenario example cucumber : 13
16/06/20 12:44:28 INFO  ExtentReportManager:217 - ------ Create Scenario Outline Or Standard : 13
16/06/20 12:44:28 INFO  ExtentReportManager:203 - ------Creating Result cucumber : 13
16/06/20 12:44:28 INFO  ExtentReportManager:203 - ------Creating Result cucumber : 13
16/06/20 12:44:28 INFO  ExtentReportManager:166 - ------Creating Test Feature with Name : Api example 13
16/06/20 12:44:28 INFO  ExtentReportManager:171 - ------Creating Scenario Outline Node : 13
16/06/20 12:44:28 INFO  ExtentReportManager:180 - ------Creating Scenario example cucumber : 13
16/06/20 12:44:28 INFO  ExtentReportManager:217 - ------ Create Scenario Outline Or Standard : 13
16/06/20 12:44:29 INFO  ExtentReportManager:203 - ------Creating Result cucumber : 13
16/06/20 12:44:29 INFO  ExtentReportManager:203 - ------Creating Result cucumber : 13
16/06/20 12:44:29 INFO  ExtentReportManager:203 - ------Creating Result cucumber : 13
16/06/20 12:44:29 INFO  ExtentReportManager:160 - ------flushing Thread : 13
16/06/20 12:46:35 INFO  ExtentReportManager:166 - ------Creating Test Feature with Name : Api example 13
16/06/20 12:46:35 INFO  ExtentReportManager:132 - ------ creating extent report infor --------------------------------
16/06/20 12:46:35 INFO  ExtentReportManager:79 - #####Extent xml configuration : /home/mauricio/eclipse-workspace/api-php-travels/extent-config.xml
16/06/20 12:46:35 INFO  ExtentReportManager:125 - --------EXTENTREPORT   Setting Append Existing to true -------------------------------
16/06/20 12:46:35 INFO  ExtentReportManager:171 - ------Creating Scenario Outline Node : 13
16/06/20 12:46:35 INFO  ExtentReportManager:180 - ------Creating Scenario example cucumber : 13
16/06/20 12:46:35 INFO  ExtentReportManager:217 - ------ Create Scenario Outline Or Standard : 13
16/06/20 12:46:38 INFO  ExtentReportManager:203 - ------Creating Result cucumber : 13
16/06/20 12:46:38 INFO  ExtentReportManager:203 - ------Creating Result cucumber : 13
16/06/20 12:46:38 INFO  ExtentReportManager:203 - ------Creating Result cucumber : 13
16/06/20 12:46:38 INFO  ExtentReportManager:166 - ------Creating Test Feature with Name : Api example 13
16/06/20 12:46:38 INFO  ExtentReportManager:171 - ------Creating Scenario Outline Node : 13
16/06/20 12:46:38 INFO  ExtentReportManager:180 - ------Creating Scenario example cucumber : 13
16/06/20 12:46:38 INFO  ExtentReportManager:217 - ------ Create Scenario Outline Or Standard : 13
16/06/20 12:46:40 INFO  ExtentReportManager:203 - ------Creating Result cucumber : 13
16/06/20 12:46:40 INFO  ExtentReportManager:203 - ------Creating Result cucumber : 13
16/06/20 12:46:40 INFO  ExtentReportManager:203 - ------Creating Result cucumber : 13
16/06/20 12:46:40 INFO  ExtentReportManager:166 - ------Creating Test Feature with Name : Api example 13
16/06/20 12:46:40 INFO  ExtentReportManager:180 - ------Creating Scenario example cucumber : 13
16/06/20 12:46:40 INFO  ExtentReportManager:217 - ------ Create Scenario Outline Or Standard : 13
16/06/20 12:46:41 INFO  ExtentReportManager:203 - ------Creating Result cucumber : 13
16/06/20 12:46:41 INFO  ExtentReportManager:203 - ------Creating Result cucumber : 13
16/06/20 12:46:41 INFO  ExtentReportManager:203 - ------Creating Result cucumber : 13
16/06/20 12:46:41 INFO  ExtentReportManager:166 - ------Creating Test Feature with Name : Api example 13
16/06/20 12:46:41 INFO  ExtentReportManager:171 - ------Creating Scenario Outline Node : 13
16/06/20 12:46:41 INFO  ExtentReportManager:180 - ------Creating Scenario example cucumber : 13
16/06/20 12:46:41 INFO  ExtentReportManager:217 - ------ Create Scenario Outline Or Standard : 13
16/06/20 12:46:41 INFO  ExtentReportManager:203 - ------Creating Result cucumber : 13
16/06/20 12:46:41 INFO  ExtentReportManager:203 - ------Creating Result cucumber : 13
16/06/20 12:46:41 INFO  ExtentReportManager:166 - ------Creating Test Feature with Name : Api example 13
16/06/20 12:46:41 INFO  ExtentReportManager:171 - ------Creating Scenario Outline Node : 13
16/06/20 12:46:41 INFO  ExtentReportManager:180 - ------Creating Scenario example cucumber : 13
16/06/20 12:46:41 INFO  ExtentReportManager:217 - ------ Create Scenario Outline Or Standard : 13
16/06/20 12:46:41 INFO  ExtentReportManager:203 - ------Creating Result cucumber : 13
16/06/20 12:46:41 INFO  ExtentReportManager:203 - ------Creating Result cucumber : 13
16/06/20 12:46:41 INFO  ExtentReportManager:203 - ------Creating Result cucumber : 13
16/06/20 12:46:41 INFO  ExtentReportManager:160 - ------flushing Thread : 13
16/06/20 12:47:37 INFO  ExtentReportManager:166 - ------Creating Test Feature with Name : Api example 14
16/06/20 12:47:37 INFO  ExtentReportManager:132 - ------ creating extent report infor --------------------------------
16/06/20 12:47:37 INFO  ExtentReportManager:79 - #####Extent xml configuration : /home/mauricio/eclipse-workspace/api-php-travels/extent-config.xml
16/06/20 12:47:37 INFO  ExtentReportManager:125 - --------EXTENTREPORT   Setting Append Existing to true -------------------------------
16/06/20 12:47:37 INFO  ExtentReportManager:171 - ------Creating Scenario Outline Node : 14
16/06/20 12:47:37 INFO  ExtentReportManager:180 - ------Creating Scenario example cucumber : 14
16/06/20 12:47:37 INFO  ExtentReportManager:217 - ------ Create Scenario Outline Or Standard : 14
16/06/20 12:47:40 INFO  ExtentReportManager:203 - ------Creating Result cucumber : 14
16/06/20 12:47:40 INFO  ExtentReportManager:203 - ------Creating Result cucumber : 14
16/06/20 12:47:40 INFO  ExtentReportManager:203 - ------Creating Result cucumber : 14
16/06/20 12:47:40 INFO  ExtentReportManager:166 - ------Creating Test Feature with Name : Api example 14
16/06/20 12:47:40 INFO  ExtentReportManager:171 - ------Creating Scenario Outline Node : 14
16/06/20 12:47:40 INFO  ExtentReportManager:180 - ------Creating Scenario example cucumber : 14
16/06/20 12:47:40 INFO  ExtentReportManager:217 - ------ Create Scenario Outline Or Standard : 14
16/06/20 12:47:42 INFO  ExtentReportManager:203 - ------Creating Result cucumber : 14
16/06/20 12:47:42 INFO  ExtentReportManager:203 - ------Creating Result cucumber : 14
16/06/20 12:47:42 INFO  ExtentReportManager:203 - ------Creating Result cucumber : 14
16/06/20 12:47:42 INFO  ExtentReportManager:166 - ------Creating Test Feature with Name : Api example 14
16/06/20 12:47:42 INFO  ExtentReportManager:180 - ------Creating Scenario example cucumber : 14
16/06/20 12:47:42 INFO  ExtentReportManager:217 - ------ Create Scenario Outline Or Standard : 14
16/06/20 12:47:43 INFO  ExtentReportManager:203 - ------Creating Result cucumber : 14
16/06/20 12:47:43 INFO  ExtentReportManager:203 - ------Creating Result cucumber : 14
16/06/20 12:47:43 INFO  ExtentReportManager:203 - ------Creating Result cucumber : 14
16/06/20 12:47:43 INFO  ExtentReportManager:166 - ------Creating Test Feature with Name : Api example 14
16/06/20 12:47:43 INFO  ExtentReportManager:171 - ------Creating Scenario Outline Node : 14
16/06/20 12:47:43 INFO  ExtentReportManager:180 - ------Creating Scenario example cucumber : 14
16/06/20 12:47:43 INFO  ExtentReportManager:217 - ------ Create Scenario Outline Or Standard : 14
16/06/20 12:47:43 INFO  ExtentReportManager:203 - ------Creating Result cucumber : 14
16/06/20 12:47:43 INFO  ExtentReportManager:203 - ------Creating Result cucumber : 14
16/06/20 12:47:43 INFO  ExtentReportManager:166 - ------Creating Test Feature with Name : Api example 14
16/06/20 12:47:43 INFO  ExtentReportManager:171 - ------Creating Scenario Outline Node : 14
16/06/20 12:47:43 INFO  ExtentReportManager:180 - ------Creating Scenario example cucumber : 14
16/06/20 12:47:43 INFO  ExtentReportManager:217 - ------ Create Scenario Outline Or Standard : 14
16/06/20 12:47:43 INFO  ExtentReportManager:203 - ------Creating Result cucumber : 14
16/06/20 12:47:43 INFO  ExtentReportManager:203 - ------Creating Result cucumber : 14
16/06/20 12:48:33 INFO  ExtentReportManager:203 - ------Creating Result cucumber : 14
16/06/20 12:48:33 INFO  ExtentReportManager:160 - ------flushing Thread : 14
16/06/20 12:48:37 INFO  ExtentReportManager:166 - ------Creating Test Feature with Name : Api example 13
16/06/20 12:48:37 INFO  ExtentReportManager:132 - ------ creating extent report infor --------------------------------
16/06/20 12:48:37 INFO  ExtentReportManager:79 - #####Extent xml configuration : /home/mauricio/eclipse-workspace/api-php-travels/extent-config.xml
16/06/20 12:48:37 INFO  ExtentReportManager:125 - --------EXTENTREPORT   Setting Append Existing to true -------------------------------
16/06/20 12:48:37 INFO  ExtentReportManager:171 - ------Creating Scenario Outline Node : 13
16/06/20 12:48:37 INFO  ExtentReportManager:180 - ------Creating Scenario example cucumber : 13
16/06/20 12:48:37 INFO  ExtentReportManager:217 - ------ Create Scenario Outline Or Standard : 13
16/06/20 12:48:40 INFO  ExtentReportManager:203 - ------Creating Result cucumber : 13
16/06/20 12:48:40 INFO  ExtentReportManager:203 - ------Creating Result cucumber : 13
16/06/20 12:48:40 INFO  ExtentReportManager:203 - ------Creating Result cucumber : 13
16/06/20 12:48:40 INFO  ExtentReportManager:166 - ------Creating Test Feature with Name : Api example 13
16/06/20 12:48:40 INFO  ExtentReportManager:171 - ------Creating Scenario Outline Node : 13
16/06/20 12:48:40 INFO  ExtentReportManager:180 - ------Creating Scenario example cucumber : 13
16/06/20 12:48:40 INFO  ExtentReportManager:217 - ------ Create Scenario Outline Or Standard : 13
16/06/20 12:48:42 INFO  ExtentReportManager:203 - ------Creating Result cucumber : 13
16/06/20 12:48:42 INFO  ExtentReportManager:203 - ------Creating Result cucumber : 13
16/06/20 12:48:42 INFO  ExtentReportManager:203 - ------Creating Result cucumber : 13
16/06/20 12:48:42 INFO  ExtentReportManager:166 - ------Creating Test Feature with Name : Api example 13
16/06/20 12:48:42 INFO  ExtentReportManager:180 - ------Creating Scenario example cucumber : 13
16/06/20 12:48:42 INFO  ExtentReportManager:217 - ------ Create Scenario Outline Or Standard : 13
16/06/20 12:48:44 INFO  ExtentReportManager:203 - ------Creating Result cucumber : 13
16/06/20 12:48:44 INFO  ExtentReportManager:203 - ------Creating Result cucumber : 13
16/06/20 12:48:44 INFO  ExtentReportManager:203 - ------Creating Result cucumber : 13
16/06/20 12:48:44 INFO  ExtentReportManager:166 - ------Creating Test Feature with Name : Api example 13
16/06/20 12:48:44 INFO  ExtentReportManager:171 - ------Creating Scenario Outline Node : 13
16/06/20 12:48:44 INFO  ExtentReportManager:180 - ------Creating Scenario example cucumber : 13
16/06/20 12:48:44 INFO  ExtentReportManager:217 - ------ Create Scenario Outline Or Standard : 13
16/06/20 12:48:44 INFO  ExtentReportManager:203 - ------Creating Result cucumber : 13
16/06/20 12:48:44 INFO  ExtentReportManager:203 - ------Creating Result cucumber : 13
16/06/20 12:48:44 INFO  ExtentReportManager:160 - ------flushing Thread : 13
16/06/20 12:50:39 INFO  ExtentReportManager:166 - ------Creating Test Feature with Name : Api example 13
16/06/20 12:50:39 INFO  ExtentReportManager:132 - ------ creating extent report infor --------------------------------
16/06/20 12:50:39 INFO  ExtentReportManager:79 - #####Extent xml configuration : /home/mauricio/eclipse-workspace/api-php-travels/extent-config.xml
16/06/20 12:50:39 INFO  ExtentReportManager:125 - --------EXTENTREPORT   Setting Append Existing to true -------------------------------
16/06/20 12:50:39 INFO  ExtentReportManager:171 - ------Creating Scenario Outline Node : 13
16/06/20 12:50:40 INFO  ExtentReportManager:180 - ------Creating Scenario example cucumber : 13
16/06/20 12:50:40 INFO  ExtentReportManager:217 - ------ Create Scenario Outline Or Standard : 13
16/06/20 12:50:43 INFO  ExtentReportManager:203 - ------Creating Result cucumber : 13
16/06/20 12:50:43 INFO  ExtentReportManager:203 - ------Creating Result cucumber : 13
16/06/20 12:50:43 INFO  ExtentReportManager:203 - ------Creating Result cucumber : 13
16/06/20 12:50:43 INFO  ExtentReportManager:203 - ------Creating Result cucumber : 13
16/06/20 12:50:43 INFO  ExtentReportManager:166 - ------Creating Test Feature with Name : Api example 13
16/06/20 12:50:43 INFO  ExtentReportManager:171 - ------Creating Scenario Outline Node : 13
16/06/20 12:50:43 INFO  ExtentReportManager:180 - ------Creating Scenario example cucumber : 13
16/06/20 12:50:43 INFO  ExtentReportManager:217 - ------ Create Scenario Outline Or Standard : 13
16/06/20 12:50:44 INFO  ExtentReportManager:203 - ------Creating Result cucumber : 13
16/06/20 12:50:44 INFO  ExtentReportManager:203 - ------Creating Result cucumber : 13
16/06/20 12:50:44 INFO  ExtentReportManager:203 - ------Creating Result cucumber : 13
16/06/20 12:50:44 INFO  ExtentReportManager:166 - ------Creating Test Feature with Name : Api example 13
16/06/20 12:50:44 INFO  ExtentReportManager:180 - ------Creating Scenario example cucumber : 13
16/06/20 12:50:44 INFO  ExtentReportManager:217 - ------ Create Scenario Outline Or Standard : 13
16/06/20 12:50:46 INFO  ExtentReportManager:203 - ------Creating Result cucumber : 13
16/06/20 12:50:46 INFO  ExtentReportManager:203 - ------Creating Result cucumber : 13
16/06/20 12:50:46 INFO  ExtentReportManager:203 - ------Creating Result cucumber : 13
16/06/20 12:50:46 INFO  ExtentReportManager:166 - ------Creating Test Feature with Name : Api example 13
16/06/20 12:50:46 INFO  ExtentReportManager:171 - ------Creating Scenario Outline Node : 13
16/06/20 12:50:46 INFO  ExtentReportManager:180 - ------Creating Scenario example cucumber : 13
16/06/20 12:50:46 INFO  ExtentReportManager:217 - ------ Create Scenario Outline Or Standard : 13
16/06/20 12:50:46 INFO  ExtentReportManager:203 - ------Creating Result cucumber : 13
16/06/20 12:50:46 INFO  ExtentReportManager:203 - ------Creating Result cucumber : 13
16/06/20 12:50:46 INFO  ExtentReportManager:160 - ------flushing Thread : 13
16/06/20 12:51:27 INFO  ExtentReportManager:166 - ------Creating Test Feature with Name : Api example 13
16/06/20 12:51:27 INFO  ExtentReportManager:132 - ------ creating extent report infor --------------------------------
16/06/20 12:51:27 INFO  ExtentReportManager:79 - #####Extent xml configuration : /home/mauricio/eclipse-workspace/api-php-travels/extent-config.xml
16/06/20 12:51:28 INFO  ExtentReportManager:125 - --------EXTENTREPORT   Setting Append Existing to true -------------------------------
16/06/20 12:51:28 INFO  ExtentReportManager:171 - ------Creating Scenario Outline Node : 13
16/06/20 12:51:28 INFO  ExtentReportManager:180 - ------Creating Scenario example cucumber : 13
16/06/20 12:51:28 INFO  ExtentReportManager:217 - ------ Create Scenario Outline Or Standard : 13
16/06/20 12:51:30 INFO  ExtentReportManager:203 - ------Creating Result cucumber : 13
16/06/20 12:51:30 INFO  ExtentReportManager:203 - ------Creating Result cucumber : 13
16/06/20 12:51:30 INFO  ExtentReportManager:203 - ------Creating Result cucumber : 13
16/06/20 12:51:30 INFO  ExtentReportManager:203 - ------Creating Result cucumber : 13
16/06/20 12:51:30 INFO  ExtentReportManager:166 - ------Creating Test Feature with Name : Api example 13
16/06/20 12:51:30 INFO  ExtentReportManager:171 - ------Creating Scenario Outline Node : 13
16/06/20 12:51:30 INFO  ExtentReportManager:180 - ------Creating Scenario example cucumber : 13
16/06/20 12:51:30 INFO  ExtentReportManager:217 - ------ Create Scenario Outline Or Standard : 13
16/06/20 12:51:32 INFO  ExtentReportManager:203 - ------Creating Result cucumber : 13
16/06/20 12:51:32 INFO  ExtentReportManager:203 - ------Creating Result cucumber : 13
16/06/20 12:51:32 INFO  ExtentReportManager:203 - ------Creating Result cucumber : 13
16/06/20 12:51:32 INFO  ExtentReportManager:166 - ------Creating Test Feature with Name : Api example 13
16/06/20 12:51:32 INFO  ExtentReportManager:180 - ------Creating Scenario example cucumber : 13
16/06/20 12:51:32 INFO  ExtentReportManager:217 - ------ Create Scenario Outline Or Standard : 13
16/06/20 12:51:34 INFO  ExtentReportManager:203 - ------Creating Result cucumber : 13
16/06/20 12:51:34 INFO  ExtentReportManager:203 - ------Creating Result cucumber : 13
16/06/20 12:51:34 INFO  ExtentReportManager:203 - ------Creating Result cucumber : 13
16/06/20 12:51:34 INFO  ExtentReportManager:166 - ------Creating Test Feature with Name : Api example 13
16/06/20 12:51:34 INFO  ExtentReportManager:171 - ------Creating Scenario Outline Node : 13
16/06/20 12:51:34 INFO  ExtentReportManager:180 - ------Creating Scenario example cucumber : 13
16/06/20 12:51:34 INFO  ExtentReportManager:217 - ------ Create Scenario Outline Or Standard : 13
16/06/20 12:51:34 INFO  ExtentReportManager:203 - ------Creating Result cucumber : 13
16/06/20 12:51:34 INFO  ExtentReportManager:203 - ------Creating Result cucumber : 13
16/06/20 12:51:34 INFO  ExtentReportManager:160 - ------flushing Thread : 13
16/06/20 12:52:09 INFO  ExtentReportManager:166 - ------Creating Test Feature with Name : Api example 14
16/06/20 12:52:09 INFO  ExtentReportManager:132 - ------ creating extent report infor --------------------------------
16/06/20 12:52:09 INFO  ExtentReportManager:79 - #####Extent xml configuration : /home/mauricio/eclipse-workspace/api-php-travels/extent-config.xml
16/06/20 12:52:09 INFO  ExtentReportManager:125 - --------EXTENTREPORT   Setting Append Existing to true -------------------------------
16/06/20 12:52:09 INFO  ExtentReportManager:171 - ------Creating Scenario Outline Node : 14
16/06/20 12:52:09 INFO  ExtentReportManager:180 - ------Creating Scenario example cucumber : 14
16/06/20 12:52:09 INFO  ExtentReportManager:217 - ------ Create Scenario Outline Or Standard : 14
16/06/20 12:52:12 INFO  ExtentReportManager:203 - ------Creating Result cucumber : 14
16/06/20 12:52:12 INFO  ExtentReportManager:203 - ------Creating Result cucumber : 14
16/06/20 12:52:12 INFO  ExtentReportManager:203 - ------Creating Result cucumber : 14
16/06/20 12:59:23 INFO  ExtentReportManager:166 - ------Creating Test Feature with Name : Api example 13
16/06/20 12:59:23 INFO  ExtentReportManager:132 - ------ creating extent report infor --------------------------------
16/06/20 12:59:23 INFO  ExtentReportManager:79 - #####Extent xml configuration : /home/mauricio/eclipse-workspace/api-php-travels/extent-config.xml
16/06/20 12:59:23 INFO  ExtentReportManager:125 - --------EXTENTREPORT   Setting Append Existing to true -------------------------------
16/06/20 12:59:23 INFO  ExtentReportManager:171 - ------Creating Scenario Outline Node : 13
16/06/20 12:59:23 INFO  ExtentReportManager:180 - ------Creating Scenario example cucumber : 13
16/06/20 12:59:23 INFO  ExtentReportManager:217 - ------ Create Scenario Outline Or Standard : 13
16/06/20 12:59:28 INFO  ExtentReportManager:203 - ------Creating Result cucumber : 13
16/06/20 12:59:28 INFO  ExtentReportManager:203 - ------Creating Result cucumber : 13
16/06/20 12:59:28 INFO  ExtentReportManager:203 - ------Creating Result cucumber : 13
16/06/20 12:59:28 INFO  ExtentReportManager:203 - ------Creating Result cucumber : 13
16/06/20 12:59:28 INFO  ExtentReportManager:166 - ------Creating Test Feature with Name : Api example 13
16/06/20 12:59:28 INFO  ExtentReportManager:171 - ------Creating Scenario Outline Node : 13
16/06/20 12:59:28 INFO  ExtentReportManager:180 - ------Creating Scenario example cucumber : 13
16/06/20 12:59:28 INFO  ExtentReportManager:217 - ------ Create Scenario Outline Or Standard : 13
16/06/20 12:59:29 INFO  ExtentReportManager:203 - ------Creating Result cucumber : 13
16/06/20 12:59:29 INFO  ExtentReportManager:203 - ------Creating Result cucumber : 13
16/06/20 12:59:29 INFO  ExtentReportManager:203 - ------Creating Result cucumber : 13
16/06/20 12:59:29 INFO  ExtentReportManager:166 - ------Creating Test Feature with Name : Api example 13
16/06/20 12:59:29 INFO  ExtentReportManager:180 - ------Creating Scenario example cucumber : 13
16/06/20 12:59:29 INFO  ExtentReportManager:217 - ------ Create Scenario Outline Or Standard : 13
16/06/20 12:59:31 INFO  ExtentReportManager:203 - ------Creating Result cucumber : 13
16/06/20 12:59:31 INFO  ExtentReportManager:203 - ------Creating Result cucumber : 13
16/06/20 12:59:31 INFO  ExtentReportManager:203 - ------Creating Result cucumber : 13
16/06/20 12:59:31 INFO  ExtentReportManager:166 - ------Creating Test Feature with Name : Api example 13
16/06/20 12:59:31 INFO  ExtentReportManager:171 - ------Creating Scenario Outline Node : 13
16/06/20 12:59:31 INFO  ExtentReportManager:180 - ------Creating Scenario example cucumber : 13
16/06/20 12:59:31 INFO  ExtentReportManager:217 - ------ Create Scenario Outline Or Standard : 13
16/06/20 12:59:31 INFO  ExtentReportManager:203 - ------Creating Result cucumber : 13
16/06/20 12:59:31 INFO  ExtentReportManager:203 - ------Creating Result cucumber : 13
16/06/20 12:59:31 INFO  ExtentReportManager:160 - ------flushing Thread : 13
16/06/20 13:00:05 INFO  ExtentReportManager:166 - ------Creating Test Feature with Name : Api example 14
16/06/20 13:00:05 INFO  ExtentReportManager:132 - ------ creating extent report infor --------------------------------
16/06/20 13:00:05 INFO  ExtentReportManager:79 - #####Extent xml configuration : /home/mauricio/eclipse-workspace/api-php-travels/extent-config.xml
16/06/20 13:00:05 INFO  ExtentReportManager:125 - --------EXTENTREPORT   Setting Append Existing to true -------------------------------
16/06/20 13:00:05 INFO  ExtentReportManager:171 - ------Creating Scenario Outline Node : 14
16/06/20 13:00:05 INFO  ExtentReportManager:180 - ------Creating Scenario example cucumber : 14
16/06/20 13:00:05 INFO  ExtentReportManager:217 - ------ Create Scenario Outline Or Standard : 14
16/06/20 13:00:09 INFO  ExtentReportManager:203 - ------Creating Result cucumber : 14
16/06/20 13:00:09 INFO  ExtentReportManager:203 - ------Creating Result cucumber : 14
16/06/20 13:00:09 INFO  ExtentReportManager:203 - ------Creating Result cucumber : 14
16/06/20 13:00:09 INFO  ExtentReportManager:166 - ------Creating Test Feature with Name : Api example 14
16/06/20 13:00:09 INFO  ExtentReportManager:171 - ------Creating Scenario Outline Node : 14
16/06/20 13:00:09 INFO  ExtentReportManager:180 - ------Creating Scenario example cucumber : 14
16/06/20 13:00:09 INFO  ExtentReportManager:217 - ------ Create Scenario Outline Or Standard : 14
16/06/20 13:00:10 INFO  ExtentReportManager:203 - ------Creating Result cucumber : 14
16/06/20 13:00:10 INFO  ExtentReportManager:203 - ------Creating Result cucumber : 14
16/06/20 13:00:10 INFO  ExtentReportManager:203 - ------Creating Result cucumber : 14
16/06/20 13:00:10 INFO  ExtentReportManager:166 - ------Creating Test Feature with Name : Api example 14
16/06/20 13:00:10 INFO  ExtentReportManager:180 - ------Creating Scenario example cucumber : 14
16/06/20 13:00:10 INFO  ExtentReportManager:217 - ------ Create Scenario Outline Or Standard : 14
16/06/20 13:00:12 INFO  ExtentReportManager:203 - ------Creating Result cucumber : 14
16/06/20 13:00:12 INFO  ExtentReportManager:203 - ------Creating Result cucumber : 14
16/06/20 13:00:12 INFO  ExtentReportManager:203 - ------Creating Result cucumber : 14
16/06/20 13:00:12 INFO  ExtentReportManager:166 - ------Creating Test Feature with Name : Api example 14
16/06/20 13:00:12 INFO  ExtentReportManager:171 - ------Creating Scenario Outline Node : 14
16/06/20 13:00:12 INFO  ExtentReportManager:180 - ------Creating Scenario example cucumber : 14
16/06/20 13:00:12 INFO  ExtentReportManager:217 - ------ Create Scenario Outline Or Standard : 14
16/06/20 13:00:12 INFO  ExtentReportManager:203 - ------Creating Result cucumber : 14
16/06/20 13:00:12 INFO  ExtentReportManager:203 - ------Creating Result cucumber : 14
16/06/20 13:00:12 INFO  ExtentReportManager:160 - ------flushing Thread : 14
16/06/20 13:00:25 INFO  ExtentReportManager:166 - ------Creating Test Feature with Name : Api example 1
16/06/20 13:00:25 INFO  ExtentReportManager:132 - ------ creating extent report infor --------------------------------
16/06/20 13:00:25 INFO  ExtentReportManager:79 - #####Extent xml configuration : /home/mauricio/eclipse-workspace/api-php-travels/extent-config.xml
16/06/20 13:00:26 INFO  ExtentReportManager:125 - --------EXTENTREPORT   Setting Append Existing to true -------------------------------
16/06/20 13:00:26 INFO  ExtentReportManager:171 - ------Creating Scenario Outline Node : 1
16/06/20 13:00:26 INFO  ExtentReportManager:180 - ------Creating Scenario example cucumber : 1
16/06/20 13:00:26 INFO  ExtentReportManager:217 - ------ Create Scenario Outline Or Standard : 1
16/06/20 13:00:29 INFO  ExtentReportManager:203 - ------Creating Result cucumber : 1
16/06/20 13:00:29 INFO  ExtentReportManager:203 - ------Creating Result cucumber : 1
16/06/20 13:00:29 INFO  ExtentReportManager:203 - ------Creating Result cucumber : 1
16/06/20 13:00:29 INFO  ExtentReportManager:166 - ------Creating Test Feature with Name : Api example 1
16/06/20 13:00:29 INFO  ExtentReportManager:171 - ------Creating Scenario Outline Node : 1
16/06/20 13:00:29 INFO  ExtentReportManager:180 - ------Creating Scenario example cucumber : 1
16/06/20 13:00:29 INFO  ExtentReportManager:217 - ------ Create Scenario Outline Or Standard : 1
16/06/20 13:00:30 INFO  ExtentReportManager:203 - ------Creating Result cucumber : 1
16/06/20 13:00:30 INFO  ExtentReportManager:203 - ------Creating Result cucumber : 1
16/06/20 13:00:30 INFO  ExtentReportManager:203 - ------Creating Result cucumber : 1
16/06/20 13:00:30 INFO  ExtentReportManager:166 - ------Creating Test Feature with Name : Api example 1
16/06/20 13:00:30 INFO  ExtentReportManager:180 - ------Creating Scenario example cucumber : 1
16/06/20 13:00:30 INFO  ExtentReportManager:217 - ------ Create Scenario Outline Or Standard : 1
16/06/20 13:00:32 INFO  ExtentReportManager:203 - ------Creating Result cucumber : 1
16/06/20 13:00:32 INFO  ExtentReportManager:203 - ------Creating Result cucumber : 1
16/06/20 13:00:32 INFO  ExtentReportManager:203 - ------Creating Result cucumber : 1
16/06/20 13:00:32 INFO  ExtentReportManager:166 - ------Creating Test Feature with Name : Api example 1
16/06/20 13:00:32 INFO  ExtentReportManager:171 - ------Creating Scenario Outline Node : 1
16/06/20 13:00:32 INFO  ExtentReportManager:180 - ------Creating Scenario example cucumber : 1
16/06/20 13:00:32 INFO  ExtentReportManager:217 - ------ Create Scenario Outline Or Standard : 1
16/06/20 13:00:32 INFO  ExtentReportManager:203 - ------Creating Result cucumber : 1
16/06/20 13:00:32 INFO  ExtentReportManager:203 - ------Creating Result cucumber : 1
16/06/20 13:00:32 INFO  ExtentReportManager:160 - ------flushing Thread : 1
16/06/20 13:01:22 INFO  ExtentReportManager:166 - ------Creating Test Feature with Name : Api example 14
16/06/20 13:01:22 INFO  ExtentReportManager:132 - ------ creating extent report infor --------------------------------
16/06/20 13:01:22 INFO  ExtentReportManager:79 - #####Extent xml configuration : /home/mauricio/eclipse-workspace/api-php-travels/extent-config.xml
16/06/20 13:01:22 INFO  ExtentReportManager:125 - --------EXTENTREPORT   Setting Append Existing to true -------------------------------
16/06/20 13:01:22 INFO  ExtentReportManager:171 - ------Creating Scenario Outline Node : 14
16/06/20 13:01:22 INFO  ExtentReportManager:180 - ------Creating Scenario example cucumber : 14
16/06/20 13:01:22 INFO  ExtentReportManager:217 - ------ Create Scenario Outline Or Standard : 14
16/06/20 13:01:26 INFO  ExtentReportManager:203 - ------Creating Result cucumber : 14
16/06/20 13:01:26 INFO  ExtentReportManager:203 - ------Creating Result cucumber : 14
16/06/20 13:01:26 INFO  ExtentReportManager:203 - ------Creating Result cucumber : 14
16/06/20 13:01:51 INFO  ExtentReportManager:203 - ------Creating Result cucumber : 14
16/06/20 13:01:51 INFO  ExtentReportManager:166 - ------Creating Test Feature with Name : Api example 14
16/06/20 13:01:51 INFO  ExtentReportManager:171 - ------Creating Scenario Outline Node : 14
16/06/20 13:01:51 INFO  ExtentReportManager:180 - ------Creating Scenario example cucumber : 14
16/06/20 13:01:51 INFO  ExtentReportManager:217 - ------ Create Scenario Outline Or Standard : 14
16/06/20 13:05:28 INFO  ExtentReportManager:166 - ------Creating Test Feature with Name : Api example 13
16/06/20 13:05:28 INFO  ExtentReportManager:132 - ------ creating extent report infor --------------------------------
16/06/20 13:05:28 INFO  ExtentReportManager:79 - #####Extent xml configuration : /home/mauricio/eclipse-workspace/api-php-travels/extent-config.xml
16/06/20 13:05:28 INFO  ExtentReportManager:125 - --------EXTENTREPORT   Setting Append Existing to true -------------------------------
16/06/20 13:05:28 INFO  ExtentReportManager:171 - ------Creating Scenario Outline Node : 13
16/06/20 13:05:28 INFO  ExtentReportManager:180 - ------Creating Scenario example cucumber : 13
16/06/20 13:05:28 INFO  ExtentReportManager:217 - ------ Create Scenario Outline Or Standard : 13
16/06/20 13:05:31 INFO  ExtentReportManager:203 - ------Creating Result cucumber : 13
16/06/20 13:05:31 INFO  ExtentReportManager:203 - ------Creating Result cucumber : 13
16/06/20 13:05:31 INFO  ExtentReportManager:203 - ------Creating Result cucumber : 13
16/06/20 13:05:31 INFO  ExtentReportManager:203 - ------Creating Result cucumber : 13
16/06/20 13:05:31 INFO  ExtentReportManager:166 - ------Creating Test Feature with Name : Api example 13
16/06/20 13:05:31 INFO  ExtentReportManager:171 - ------Creating Scenario Outline Node : 13
16/06/20 13:05:31 INFO  ExtentReportManager:180 - ------Creating Scenario example cucumber : 13
16/06/20 13:05:31 INFO  ExtentReportManager:217 - ------ Create Scenario Outline Or Standard : 13
16/06/20 13:05:33 INFO  ExtentReportManager:203 - ------Creating Result cucumber : 13
16/06/20 13:05:33 INFO  ExtentReportManager:203 - ------Creating Result cucumber : 13
16/06/20 13:05:33 INFO  ExtentReportManager:203 - ------Creating Result cucumber : 13
16/06/20 13:05:33 INFO  ExtentReportManager:166 - ------Creating Test Feature with Name : Api example 13
16/06/20 13:05:33 INFO  ExtentReportManager:180 - ------Creating Scenario example cucumber : 13
16/06/20 13:05:33 INFO  ExtentReportManager:217 - ------ Create Scenario Outline Or Standard : 13
16/06/20 13:05:34 INFO  ExtentReportManager:203 - ------Creating Result cucumber : 13
16/06/20 13:05:34 INFO  ExtentReportManager:203 - ------Creating Result cucumber : 13
16/06/20 13:05:34 INFO  ExtentReportManager:203 - ------Creating Result cucumber : 13
16/06/20 13:05:34 INFO  ExtentReportManager:166 - ------Creating Test Feature with Name : Api example 13
16/06/20 13:05:34 INFO  ExtentReportManager:171 - ------Creating Scenario Outline Node : 13
16/06/20 13:05:34 INFO  ExtentReportManager:180 - ------Creating Scenario example cucumber : 13
16/06/20 13:05:34 INFO  ExtentReportManager:217 - ------ Create Scenario Outline Or Standard : 13
16/06/20 13:05:34 INFO  ExtentReportManager:203 - ------Creating Result cucumber : 13
16/06/20 13:05:34 INFO  ExtentReportManager:203 - ------Creating Result cucumber : 13
16/06/20 13:05:34 INFO  ExtentReportManager:160 - ------flushing Thread : 13
16/06/20 13:06:01 INFO  ExtentReportManager:166 - ------Creating Test Feature with Name : Api example 13
16/06/20 13:06:01 INFO  ExtentReportManager:132 - ------ creating extent report infor --------------------------------
16/06/20 13:06:01 INFO  ExtentReportManager:79 - #####Extent xml configuration : /home/mauricio/eclipse-workspace/api-php-travels/extent-config.xml
16/06/20 13:06:01 INFO  ExtentReportManager:125 - --------EXTENTREPORT   Setting Append Existing to true -------------------------------
16/06/20 13:06:01 INFO  ExtentReportManager:171 - ------Creating Scenario Outline Node : 13
16/06/20 13:06:01 INFO  ExtentReportManager:180 - ------Creating Scenario example cucumber : 13
16/06/20 13:06:01 INFO  ExtentReportManager:217 - ------ Create Scenario Outline Or Standard : 13
16/06/20 13:06:05 INFO  ExtentReportManager:203 - ------Creating Result cucumber : 13
16/06/20 13:06:05 INFO  ExtentReportManager:203 - ------Creating Result cucumber : 13
16/06/20 13:06:05 INFO  ExtentReportManager:203 - ------Creating Result cucumber : 13
16/06/20 13:06:05 INFO  ExtentReportManager:203 - ------Creating Result cucumber : 13
16/06/20 13:06:05 INFO  ExtentReportManager:166 - ------Creating Test Feature with Name : Api example 13
16/06/20 13:06:05 INFO  ExtentReportManager:171 - ------Creating Scenario Outline Node : 13
16/06/20 13:06:05 INFO  ExtentReportManager:180 - ------Creating Scenario example cucumber : 13
16/06/20 13:06:05 INFO  ExtentReportManager:217 - ------ Create Scenario Outline Or Standard : 13
16/06/20 13:06:06 INFO  ExtentReportManager:203 - ------Creating Result cucumber : 13
16/06/20 13:06:06 INFO  ExtentReportManager:203 - ------Creating Result cucumber : 13
16/06/20 13:06:06 INFO  ExtentReportManager:203 - ------Creating Result cucumber : 13
16/06/20 13:06:06 INFO  ExtentReportManager:166 - ------Creating Test Feature with Name : Api example 13
16/06/20 13:06:06 INFO  ExtentReportManager:180 - ------Creating Scenario example cucumber : 13
16/06/20 13:06:06 INFO  ExtentReportManager:217 - ------ Create Scenario Outline Or Standard : 13
16/06/20 13:06:08 INFO  ExtentReportManager:203 - ------Creating Result cucumber : 13
16/06/20 13:06:08 INFO  ExtentReportManager:203 - ------Creating Result cucumber : 13
16/06/20 13:06:08 INFO  ExtentReportManager:203 - ------Creating Result cucumber : 13
16/06/20 13:06:08 INFO  ExtentReportManager:166 - ------Creating Test Feature with Name : Api example 13
16/06/20 13:06:08 INFO  ExtentReportManager:171 - ------Creating Scenario Outline Node : 13
16/06/20 13:06:08 INFO  ExtentReportManager:180 - ------Creating Scenario example cucumber : 13
16/06/20 13:06:08 INFO  ExtentReportManager:217 - ------ Create Scenario Outline Or Standard : 13
16/06/20 13:06:08 INFO  ExtentReportManager:203 - ------Creating Result cucumber : 13
16/06/20 13:06:08 INFO  ExtentReportManager:203 - ------Creating Result cucumber : 13
16/06/20 13:06:08 INFO  ExtentReportManager:160 - ------flushing Thread : 13
16/06/20 13:06:30 INFO  ExtentReportManager:166 - ------Creating Test Feature with Name : Api example 13
16/06/20 13:06:30 INFO  ExtentReportManager:132 - ------ creating extent report infor --------------------------------
16/06/20 13:06:30 INFO  ExtentReportManager:79 - #####Extent xml configuration : /home/mauricio/eclipse-workspace/api-php-travels/extent-config.xml
16/06/20 13:06:30 INFO  ExtentReportManager:125 - --------EXTENTREPORT   Setting Append Existing to true -------------------------------
16/06/20 13:06:30 INFO  ExtentReportManager:171 - ------Creating Scenario Outline Node : 13
16/06/20 13:06:30 INFO  ExtentReportManager:180 - ------Creating Scenario example cucumber : 13
16/06/20 13:06:30 INFO  ExtentReportManager:217 - ------ Create Scenario Outline Or Standard : 13
16/06/20 13:06:33 INFO  ExtentReportManager:203 - ------Creating Result cucumber : 13
16/06/20 13:06:33 INFO  ExtentReportManager:203 - ------Creating Result cucumber : 13
16/06/20 13:06:33 INFO  ExtentReportManager:203 - ------Creating Result cucumber : 13
16/06/20 13:06:33 INFO  ExtentReportManager:203 - ------Creating Result cucumber : 13
16/06/20 13:06:33 INFO  ExtentReportManager:166 - ------Creating Test Feature with Name : Api example 13
16/06/20 13:06:33 INFO  ExtentReportManager:171 - ------Creating Scenario Outline Node : 13
16/06/20 13:06:33 INFO  ExtentReportManager:180 - ------Creating Scenario example cucumber : 13
16/06/20 13:06:33 INFO  ExtentReportManager:217 - ------ Create Scenario Outline Or Standard : 13
16/06/20 13:06:35 INFO  ExtentReportManager:203 - ------Creating Result cucumber : 13
16/06/20 13:06:35 INFO  ExtentReportManager:203 - ------Creating Result cucumber : 13
16/06/20 13:06:35 INFO  ExtentReportManager:203 - ------Creating Result cucumber : 13
16/06/20 13:06:35 INFO  ExtentReportManager:166 - ------Creating Test Feature with Name : Api example 13
16/06/20 13:06:35 INFO  ExtentReportManager:180 - ------Creating Scenario example cucumber : 13
16/06/20 13:06:35 INFO  ExtentReportManager:217 - ------ Create Scenario Outline Or Standard : 13
16/06/20 13:06:37 INFO  ExtentReportManager:203 - ------Creating Result cucumber : 13
16/06/20 13:06:37 INFO  ExtentReportManager:203 - ------Creating Result cucumber : 13
16/06/20 13:06:37 INFO  ExtentReportManager:203 - ------Creating Result cucumber : 13
16/06/20 13:06:37 INFO  ExtentReportManager:166 - ------Creating Test Feature with Name : Api example 13
16/06/20 13:06:37 INFO  ExtentReportManager:171 - ------Creating Scenario Outline Node : 13
16/06/20 13:06:37 INFO  ExtentReportManager:180 - ------Creating Scenario example cucumber : 13
16/06/20 13:06:37 INFO  ExtentReportManager:217 - ------ Create Scenario Outline Or Standard : 13
16/06/20 13:06:37 INFO  ExtentReportManager:203 - ------Creating Result cucumber : 13
16/06/20 13:06:37 INFO  ExtentReportManager:203 - ------Creating Result cucumber : 13
16/06/20 13:06:37 INFO  ExtentReportManager:160 - ------flushing Thread : 13
